Using pre-set license
Built from '2020.2/release' branch; Version is '2020.2.0f1 (3721df5a8b28) revision 3613151'; Using compiler version '192528614'; Build Type 'Release'
OS: 'Windows 10  (10.0.0) 64bit' Language: 'en' Physical Memory: 16292 MB
BatchMode: 1, IsHumanControllingUs: 0, StartBugReporterOnCrash: 0, Is64bit: 1, IsPro: 0

 COMMAND LINE ARGUMENTS:
D:\Games\Unity\2020.2.0f1\Editor\Unity.exe
-adb2
-batchMode
-noUpm
-name
AssetImportWorker0
-projectPath
C:/Projects/Unity Tutorials/laserDefender
-logFile
Logs/AssetImportWorker0.log
-srvPort
53894
Successfully changed project path to: C:/Projects/Unity Tutorials/laserDefender
C:/Projects/Unity Tutorials/laserDefender
Using Asset Import Pipeline V2.
Refreshing native plugins compatible for Editor in 32.06 ms, found 1 plugins.
Preloading 0 native plugins for Editor in 0.00 ms.
Initialize engine version: 2020.2.0f1 (3721df5a8b28)
[Subsystems] Discovering subsystems at path D:/Games/Unity/2020.2.0f1/Editor/Data/Resources/UnitySubsystems
[Subsystems] Discovering subsystems at path C:/Projects/Unity Tutorials/laserDefender/Assets
GfxDevice: creating device client; threaded=0
Direct3D:
    Version:  Direct3D 11.0 [level 11.1]
    Renderer: NVIDIA GeForce RTX 3080 (ID=0x2206)
    Vendor:   
    VRAM:     10078 MB
    Driver:   27.21.14.6109
Initialize mono
Mono path[0] = 'D:/Games/Unity/2020.2.0f1/Editor/Data/Managed'
Mono path[1] = 'D:/Games/Unity/2020.2.0f1/Editor/Data/MonoBleedingEdge/lib/mono/unityjit'
Mono config path = 'D:/Games/Unity/2020.2.0f1/Editor/Data/MonoBleedingEdge/etc'
Using monoOptions --debugger-agent=transport=dt_socket,embedding=1,server=y,suspend=n,address=127.0.0.1:56452
Begin MonoManager ReloadAssembly
Registering precompiled unity dll's ...
Register platform support module: D:/Games/Unity/2020.2.0f1/Editor/Data/PlaybackEngines/MacStandaloneSupport/UnityEditor.OSXStandalone.Extensions.dll
Register platform support module: D:/Games/Unity/2020.2.0f1/Editor/Data/PlaybackEngines/WindowsStandaloneSupport/UnityEditor.WindowsStandalone.Extensions.dll
Register platform support module: D:/Games/Unity/2020.2.0f1/Editor/Data/PlaybackEngines/LinuxStandaloneSupport/UnityEditor.LinuxStandalone.Extensions.dll
Registered in 0.001019 seconds.
Native extension for LinuxStandalone target not found
Native extension for WindowsStandalone target not found
Native extension for OSXStandalone target not found
Refreshing native plugins compatible for Editor in 32.14 ms, found 1 plugins.
Preloading 0 native plugins for Editor in 0.00 ms.
Invoked RoslynAnalysisRunner static constructor.
RoslynAnalysisRunner will not be running.
RoslynAnalysisRunner has terminated.
Mono: successfully reloaded assembly
- Completed reload, in  1.070 seconds
Platform modules already initialized, skipping
Registering precompiled user dll's ...
Registered in 0.000626 seconds.
Begin MonoManager ReloadAssembly
Native extension for LinuxStandalone target not found
Native extension for WindowsStandalone target not found
Native extension for OSXStandalone target not found
Refreshing native plugins compatible for Editor in 32.48 ms, found 1 plugins.
Preloading 0 native plugins for Editor in 0.00 ms.
Invoked RoslynAnalysisRunner static constructor.
RoslynAnalysisRunner will not be running.
RoslynAnalysisRunner has terminated.
Mono: successfully reloaded assembly
- Completed reload, in  0.722 seconds
Platform modules already initialized, skipping
========================================================================
Worker process is ready to serve import requests
Launched and connected shader compiler UnityShaderCompiler.exe after 0.05 seconds
Refreshing native plugins compatible for Editor in 0.36 ms, found 1 plugins.
Preloading 0 native plugins for Editor in 0.00 ms.
Unloading 1795 Unused Serialized files (Serialized files now loaded: 0)
System memory in use before: 84.1 MB.
System memory in use after: 84.0 MB.

Unloading 24 unused Assets to reduce memory usage. Loaded Objects now: 2235.
Total: 1.854500 ms (FindLiveObjects: 0.200100 ms CreateObjectMapping: 0.045200 ms MarkObjects: 1.521000 ms  DeleteObjects: 0.087300 ms)

========================================================================
Received Import Request.
  path: Assets/Prefabs/Roger.prefab
  artifactKey: Guid(33618d20a6499d049aa5ff142d79db31) Importer(815301076,1909f56bfc062723c751e8b465ee728b)
Start importing Assets/Prefabs/Roger.prefab using Guid(33618d20a6499d049aa5ff142d79db31) Importer(815301076,1909f56bfc062723c751e8b465ee728b)  -> (artifact id: 'aed1bbafb56dc21dfed6c1ed18bea3c6') in 0.102154 seconds
  Import took 0.105044 seconds .

========================================================================
Received Import Request.
  Time since last request: 0.000169 seconds.
  path: Assets/Prefabs/Roger 2.prefab
  artifactKey: Guid(60c1e7de664989247991684fa96f6f6c) Importer(815301076,1909f56bfc062723c751e8b465ee728b)
Start importing Assets/Prefabs/Roger 2.prefab using Guid(60c1e7de664989247991684fa96f6f6c) Importer(815301076,1909f56bfc062723c751e8b465ee728b)  -> (artifact id: '8dd270818c0fee7dce8cdfc279e37cd5') in 0.013296 seconds
  Import took 0.016012 seconds .

========================================================================
Received Import Request.
  Time since last request: 0.000843 seconds.
  path: Assets/Prefabs/Roger 2.prefab
  artifactKey: Guid(60c1e7de664989247991684fa96f6f6c) Importer(815301076,1909f56bfc062723c751e8b465ee728b)
Start importing Assets/Prefabs/Roger 2.prefab using Guid(60c1e7de664989247991684fa96f6f6c) Importer(815301076,1909f56bfc062723c751e8b465ee728b)  -> (artifact id: '8dd270818c0fee7dce8cdfc279e37cd5') in 0.007701 seconds
  Import took 0.010763 seconds .

========================================================================
Received Import Request.
  Time since last request: 40.536761 seconds.
  path: Assets/Prefabs/laserRed02.prefab
  artifactKey: Guid(44770797f34eadb41a538038df3b8dd0) Importer(815301076,1909f56bfc062723c751e8b465ee728b)
Start importing Assets/Prefabs/laserRed02.prefab using Guid(44770797f34eadb41a538038df3b8dd0) Importer(815301076,1909f56bfc062723c751e8b465ee728b)  -> (artifact id: '87bfc0158085979c5c6ff6a9f7bb46cc') in 0.016518 seconds
  Import took 0.019305 seconds .

========================================================================
Received Import Request.
  Time since last request: 6.406698 seconds.
  path: Assets/Prefabs/enemyLaser.prefab
  artifactKey: Guid(44770797f34eadb41a538038df3b8dd0) Importer(815301076,1909f56bfc062723c751e8b465ee728b)
Start importing Assets/Prefabs/enemyLaser.prefab using Guid(44770797f34eadb41a538038df3b8dd0) Importer(815301076,1909f56bfc062723c751e8b465ee728b)  -> (artifact id: 'cd2e145e90a8cb4460e877fbef649502') in 0.023941 seconds
  Import took 0.026695 seconds .

========================================================================
Received Import Request.
  Time since last request: 14.361621 seconds.
  path: Assets/Prefabs/enemyLaser.prefab
  artifactKey: Guid(44770797f34eadb41a538038df3b8dd0) Importer(815301076,1909f56bfc062723c751e8b465ee728b)
Start importing Assets/Prefabs/enemyLaser.prefab using Guid(44770797f34eadb41a538038df3b8dd0) Importer(815301076,1909f56bfc062723c751e8b465ee728b)  -> (artifact id: '3dc7d6ea6901a0af9c8243b436ad47fe') in 0.009598 seconds
  Import took 0.013203 seconds .

========================================================================
Received Import Request.
  Time since last request: 5.263598 seconds.
  path: Assets/Prefabs/enemyLaser.prefab
  artifactKey: Guid(44770797f34eadb41a538038df3b8dd0) Importer(815301076,1909f56bfc062723c751e8b465ee728b)
Start importing Assets/Prefabs/enemyLaser.prefab using Guid(44770797f34eadb41a538038df3b8dd0) Importer(815301076,1909f56bfc062723c751e8b465ee728b)  -> (artifact id: 'ebd74ea413b61ee2a39b1ee3687a34e7') in 0.009791 seconds
  Import took 0.013158 seconds .

========================================================================
Received Import Request.
  Time since last request: 0.001212 seconds.
  path: Assets/Prefabs/enemyLaser.prefab
  artifactKey: Guid(44770797f34eadb41a538038df3b8dd0) Importer(815301076,1909f56bfc062723c751e8b465ee728b)
Start importing Assets/Prefabs/enemyLaser.prefab using Guid(44770797f34eadb41a538038df3b8dd0) Importer(815301076,1909f56bfc062723c751e8b465ee728b)  -> (artifact id: 'ebd74ea413b61ee2a39b1ee3687a34e7') in 0.013002 seconds
  Import took 0.015691 seconds .

========================================================================
Received Import Request.
  Time since last request: 12.769077 seconds.
  path: Assets/Prefabs/enemyLaser.prefab
  artifactKey: Guid(44770797f34eadb41a538038df3b8dd0) Importer(815301076,1909f56bfc062723c751e8b465ee728b)
Start importing Assets/Prefabs/enemyLaser.prefab using Guid(44770797f34eadb41a538038df3b8dd0) Importer(815301076,1909f56bfc062723c751e8b465ee728b)  -> (artifact id: 'dadbde17f7f3056dfb47896037a02372') in 0.008715 seconds
  Import took 0.012106 seconds .

========================================================================
Received Import Request.
  Time since last request: 65.053274 seconds.
  path: Assets/Prefabs/Roger 2.prefab
  artifactKey: Guid(60c1e7de664989247991684fa96f6f6c) Importer(815301076,1909f56bfc062723c751e8b465ee728b)
Start importing Assets/Prefabs/Roger 2.prefab using Guid(60c1e7de664989247991684fa96f6f6c) Importer(815301076,1909f56bfc062723c751e8b465ee728b)  -> (artifact id: 'd0a64fc9c065b866bb1d481d6a1f159e') in 0.020612 seconds
  Import took 0.023410 seconds .

========================================================================
Received Import Request.
  Time since last request: 0.000150 seconds.
  path: Assets/Prefabs/Roger.prefab
  artifactKey: Guid(33618d20a6499d049aa5ff142d79db31) Importer(815301076,1909f56bfc062723c751e8b465ee728b)
Start importing Assets/Prefabs/Roger.prefab using Guid(33618d20a6499d049aa5ff142d79db31) Importer(815301076,1909f56bfc062723c751e8b465ee728b)  -> (artifact id: '2301a0582caa910a578321864f5347ae') in 0.008524 seconds
  Import took 0.011062 seconds .

========================================================================
Received Import Request.
  Time since last request: 23.796392 seconds.
  path: Assets/Prefabs/enemyLaser.prefab
  artifactKey: Guid(44770797f34eadb41a538038df3b8dd0) Importer(815301076,1909f56bfc062723c751e8b465ee728b)
Start importing Assets/Prefabs/enemyLaser.prefab using Guid(44770797f34eadb41a538038df3b8dd0) Importer(815301076,1909f56bfc062723c751e8b465ee728b)  -> (artifact id: '9e86c52840f4652ae374670d95fd2d7d') in 0.009139 seconds
  Import took 0.011941 seconds .

========================================================================
Received Import Request.
  Time since last request: 0.009153 seconds.
  path: Assets/Prefabs/enemyLaser.prefab
  artifactKey: Guid(44770797f34eadb41a538038df3b8dd0) Importer(815301076,1909f56bfc062723c751e8b465ee728b)
Start importing Assets/Prefabs/enemyLaser.prefab using Guid(44770797f34eadb41a538038df3b8dd0) Importer(815301076,1909f56bfc062723c751e8b465ee728b)  -> (artifact id: '9e86c52840f4652ae374670d95fd2d7d') in 0.017748 seconds
  Import took 0.020681 seconds .

========================================================================
Received Import Request.
  Time since last request: 14.070724 seconds.
  path: Assets/Prefabs/enemyLaser.prefab
  artifactKey: Guid(44770797f34eadb41a538038df3b8dd0) Importer(815301076,1909f56bfc062723c751e8b465ee728b)
Start importing Assets/Prefabs/enemyLaser.prefab using Guid(44770797f34eadb41a538038df3b8dd0) Importer(815301076,1909f56bfc062723c751e8b465ee728b)  -> (artifact id: '6bb82f7c54c9a193093d0fe50aeb79d4') in 0.007763 seconds
  Import took 0.010502 seconds .

========================================================================
Received Prepare
Registering precompiled user dll's ...
Registered in 0.000734 seconds.
Begin MonoManager ReloadAssembly
Native extension for LinuxStandalone target not found
Native extension for WindowsStandalone target not found
Native extension for OSXStandalone target not found
Refreshing native plugins compatible for Editor in 0.45 ms, found 1 plugins.
Preloading 0 native plugins for Editor in 0.00 ms.
Invoked RoslynAnalysisRunner static constructor.
RoslynAnalysisRunner will not be running.
RoslynAnalysisRunner has terminated.
Mono: successfully reloaded assembly
- Completed reload, in  0.699 seconds
Platform modules already initialized, skipping
Refreshing native plugins compatible for Editor in 0.35 ms, found 1 plugins.
Preloading 0 native plugins for Editor in 0.00 ms.
Unloading 1790 Unused Serialized files (Serialized files now loaded: 0)
System memory in use before: 87.2 MB.
System memory in use after: 87.2 MB.

Unloading 12 unused Assets to reduce memory usage. Loaded Objects now: 2245.
Total: 1.809500 ms (FindLiveObjects: 0.208700 ms CreateObjectMapping: 0.038000 ms MarkObjects: 1.477300 ms  DeleteObjects: 0.084700 ms)

========================================================================
Received Import Request.
  Time since last request: 271.771290 seconds.
  path: Assets/Prefabs/Roger.prefab
  artifactKey: Guid(33618d20a6499d049aa5ff142d79db31) Importer(815301076,1909f56bfc062723c751e8b465ee728b)
Start importing Assets/Prefabs/Roger.prefab using Guid(33618d20a6499d049aa5ff142d79db31) Importer(815301076,1909f56bfc062723c751e8b465ee728b)  -> (artifact id: 'd8449a1a4849617480411f86a09bd745') in 0.042126 seconds
  Import took 0.044909 seconds .

========================================================================
Received Import Request.
  Time since last request: 0.000158 seconds.
  path: Assets/Prefabs/Roger 2.prefab
  artifactKey: Guid(60c1e7de664989247991684fa96f6f6c) Importer(815301076,1909f56bfc062723c751e8b465ee728b)
Start importing Assets/Prefabs/Roger 2.prefab using Guid(60c1e7de664989247991684fa96f6f6c) Importer(815301076,1909f56bfc062723c751e8b465ee728b)  -> (artifact id: 'c316038bbe453e9c27b55716aa8f9bb9') in 0.007580 seconds
  Import took 0.010194 seconds .

========================================================================
Received Prepare
Registering precompiled user dll's ...
Registered in 0.000699 seconds.
Begin MonoManager ReloadAssembly
Native extension for LinuxStandalone target not found
Native extension for WindowsStandalone target not found
Native extension for OSXStandalone target not found
Refreshing native plugins compatible for Editor in 0.36 ms, found 1 plugins.
Preloading 0 native plugins for Editor in 0.00 ms.
Invoked RoslynAnalysisRunner static constructor.
RoslynAnalysisRunner will not be running.
RoslynAnalysisRunner has terminated.
Mono: successfully reloaded assembly
- Completed reload, in  0.638 seconds
Platform modules already initialized, skipping
Refreshing native plugins compatible for Editor in 0.37 ms, found 1 plugins.
Preloading 0 native plugins for Editor in 0.00 ms.
Unloading 1790 Unused Serialized files (Serialized files now loaded: 0)
System memory in use before: 87.4 MB.
System memory in use after: 87.4 MB.

Unloading 12 unused Assets to reduce memory usage. Loaded Objects now: 2249.
Total: 1.954800 ms (FindLiveObjects: 0.220300 ms CreateObjectMapping: 0.050200 ms MarkObjects: 1.592900 ms  DeleteObjects: 0.090400 ms)

========================================================================
Received Import Request.
  Time since last request: 81.498327 seconds.
  path: Assets/Prefabs/enemyLaser.prefab
  artifactKey: Guid(44770797f34eadb41a538038df3b8dd0) Importer(815301076,1909f56bfc062723c751e8b465ee728b)
Start importing Assets/Prefabs/enemyLaser.prefab using Guid(44770797f34eadb41a538038df3b8dd0) Importer(815301076,1909f56bfc062723c751e8b465ee728b)  -> (artifact id: 'f4c21243a7dd31e0aedc2aa90c6e7817') in 0.043566 seconds
  Import took 0.046377 seconds .

========================================================================
Received Import Request.
  Time since last request: 20.562504 seconds.
  path: Assets/Prefabs/Roger 2.prefab
  artifactKey: Guid(60c1e7de664989247991684fa96f6f6c) Importer(815301076,1909f56bfc062723c751e8b465ee728b)
Start importing Assets/Prefabs/Roger 2.prefab using Guid(60c1e7de664989247991684fa96f6f6c) Importer(815301076,1909f56bfc062723c751e8b465ee728b)  -> (artifact id: 'e76c61b531d4571bf0968887105d10f3') in 0.012355 seconds
  Import took 0.015246 seconds .

========================================================================
Received Import Request.
  Time since last request: 0.000143 seconds.
  path: Assets/Prefabs/Roger.prefab
  artifactKey: Guid(33618d20a6499d049aa5ff142d79db31) Importer(815301076,1909f56bfc062723c751e8b465ee728b)
Start importing Assets/Prefabs/Roger.prefab using Guid(33618d20a6499d049aa5ff142d79db31) Importer(815301076,1909f56bfc062723c751e8b465ee728b)  -> (artifact id: 'a82302aa618c1ea53506992238f4f492') in 0.012640 seconds
  Import took 0.015128 seconds .

========================================================================
Received Prepare
Registering precompiled user dll's ...
Registered in 0.000712 seconds.
Begin MonoManager ReloadAssembly
Native extension for LinuxStandalone target not found
Native extension for WindowsStandalone target not found
Native extension for OSXStandalone target not found
Refreshing native plugins compatible for Editor in 0.36 ms, found 1 plugins.
Preloading 0 native plugins for Editor in 0.00 ms.
Invoked RoslynAnalysisRunner static constructor.
RoslynAnalysisRunner will not be running.
RoslynAnalysisRunner has terminated.
Mono: successfully reloaded assembly
- Completed reload, in  0.649 seconds
Platform modules already initialized, skipping
Refreshing native plugins compatible for Editor in 0.43 ms, found 1 plugins.
Preloading 0 native plugins for Editor in 0.00 ms.
Unloading 1790 Unused Serialized files (Serialized files now loaded: 0)
System memory in use before: 87.5 MB.
System memory in use after: 87.5 MB.

Unloading 12 unused Assets to reduce memory usage. Loaded Objects now: 2253.
Total: 1.975300 ms (FindLiveObjects: 0.191100 ms CreateObjectMapping: 0.043300 ms MarkObjects: 1.650200 ms  DeleteObjects: 0.089700 ms)

========================================================================
Received Prepare
Registering precompiled user dll's ...
Registered in 0.000708 seconds.
Begin MonoManager ReloadAssembly
Native extension for LinuxStandalone target not found
Native extension for WindowsStandalone target not found
Native extension for OSXStandalone target not found
Refreshing native plugins compatible for Editor in 0.37 ms, found 1 plugins.
Preloading 0 native plugins for Editor in 0.00 ms.
Invoked RoslynAnalysisRunner static constructor.
RoslynAnalysisRunner will not be running.
RoslynAnalysisRunner has terminated.
Mono: successfully reloaded assembly
- Completed reload, in  0.673 seconds
Platform modules already initialized, skipping
Refreshing native plugins compatible for Editor in 0.38 ms, found 1 plugins.
Preloading 0 native plugins for Editor in 0.00 ms.
Unloading 1790 Unused Serialized files (Serialized files now loaded: 0)
System memory in use before: 87.6 MB.
System memory in use after: 87.6 MB.

Unloading 12 unused Assets to reduce memory usage. Loaded Objects now: 2256.
Total: 1.750800 ms (FindLiveObjects: 0.195300 ms CreateObjectMapping: 0.044700 ms MarkObjects: 1.423700 ms  DeleteObjects: 0.086500 ms)

========================================================================
Received Prepare
Registering precompiled user dll's ...
Registered in 0.000757 seconds.
Begin MonoManager ReloadAssembly
Native extension for LinuxStandalone target not found
Native extension for WindowsStandalone target not found
Native extension for OSXStandalone target not found
Refreshing native plugins compatible for Editor in 0.37 ms, found 1 plugins.
Preloading 0 native plugins for Editor in 0.00 ms.
Invoked RoslynAnalysisRunner static constructor.
RoslynAnalysisRunner will not be running.
RoslynAnalysisRunner has terminated.
Mono: successfully reloaded assembly
- Completed reload, in  0.665 seconds
Platform modules already initialized, skipping
Refreshing native plugins compatible for Editor in 0.33 ms, found 1 plugins.
Preloading 0 native plugins for Editor in 0.00 ms.
Unloading 1790 Unused Serialized files (Serialized files now loaded: 0)
System memory in use before: 87.7 MB.
System memory in use after: 87.6 MB.

Unloading 12 unused Assets to reduce memory usage. Loaded Objects now: 2259.
Total: 2.052400 ms (FindLiveObjects: 0.219000 ms CreateObjectMapping: 0.043600 ms MarkObjects: 1.699300 ms  DeleteObjects: 0.089000 ms)

========================================================================
Received Prepare
Registering precompiled user dll's ...
Registered in 0.000716 seconds.
Begin MonoManager ReloadAssembly
Native extension for LinuxStandalone target not found
Native extension for WindowsStandalone target not found
Native extension for OSXStandalone target not found
Refreshing native plugins compatible for Editor in 0.37 ms, found 1 plugins.
Preloading 0 native plugins for Editor in 0.00 ms.
Invoked RoslynAnalysisRunner static constructor.
RoslynAnalysisRunner will not be running.
RoslynAnalysisRunner has terminated.
Mono: successfully reloaded assembly
- Completed reload, in  0.678 seconds
Platform modules already initialized, skipping
Refreshing native plugins compatible for Editor in 0.62 ms, found 1 plugins.
Preloading 0 native plugins for Editor in 0.00 ms.
Unloading 1790 Unused Serialized files (Serialized files now loaded: 0)
System memory in use before: 87.7 MB.
System memory in use after: 87.7 MB.

Unloading 12 unused Assets to reduce memory usage. Loaded Objects now: 2262.
Total: 1.976900 ms (FindLiveObjects: 0.197300 ms CreateObjectMapping: 0.045600 ms MarkObjects: 1.605600 ms  DeleteObjects: 0.127200 ms)

========================================================================
Received Prepare
Registering precompiled user dll's ...
Registered in 0.001201 seconds.
Begin MonoManager ReloadAssembly
Native extension for LinuxStandalone target not found
Native extension for WindowsStandalone target not found
Native extension for OSXStandalone target not found
Refreshing native plugins compatible for Editor in 0.36 ms, found 1 plugins.
Preloading 0 native plugins for Editor in 0.00 ms.
Invoked RoslynAnalysisRunner static constructor.
RoslynAnalysisRunner will not be running.
RoslynAnalysisRunner has terminated.
Mono: successfully reloaded assembly
- Completed reload, in  0.653 seconds
Platform modules already initialized, skipping
Refreshing native plugins compatible for Editor in 0.36 ms, found 1 plugins.
Preloading 0 native plugins for Editor in 0.00 ms.
Unloading 1790 Unused Serialized files (Serialized files now loaded: 0)
System memory in use before: 87.8 MB.
System memory in use after: 87.8 MB.

Unloading 12 unused Assets to reduce memory usage. Loaded Objects now: 2265.
Total: 2.604600 ms (FindLiveObjects: 0.585000 ms CreateObjectMapping: 0.119100 ms MarkObjects: 1.782000 ms  DeleteObjects: 0.117100 ms)

========================================================================
Received Import Request.
  Time since last request: 858.450878 seconds.
  path: Assets/Prefabs/enemyLaser.prefab
  artifactKey: Guid(44770797f34eadb41a538038df3b8dd0) Importer(815301076,1909f56bfc062723c751e8b465ee728b)
Start importing Assets/Prefabs/enemyLaser.prefab using Guid(44770797f34eadb41a538038df3b8dd0) Importer(815301076,1909f56bfc062723c751e8b465ee728b)  -> (artifact id: 'a3903c7651d9b42bb15413c2c51f7e52') in 0.047919 seconds
  Import took 0.051047 seconds .

========================================================================
Received Import Request.
  Time since last request: 2.959108 seconds.
  path: Assets/Prefabs/enemyLaser.prefab
  artifactKey: Guid(44770797f34eadb41a538038df3b8dd0) Importer(815301076,1909f56bfc062723c751e8b465ee728b)
Start importing Assets/Prefabs/enemyLaser.prefab using Guid(44770797f34eadb41a538038df3b8dd0) Importer(815301076,1909f56bfc062723c751e8b465ee728b)  -> (artifact id: 'd36f3aa72e8e23932ebb7cc4e0d7f65a') in 0.016300 seconds
  Import took 0.019475 seconds .

========================================================================
Received Prepare
Registering precompiled user dll's ...
Registered in 0.000691 seconds.
Begin MonoManager ReloadAssembly
Native extension for LinuxStandalone target not found
Native extension for WindowsStandalone target not found
Native extension for OSXStandalone target not found
Refreshing native plugins compatible for Editor in 0.38 ms, found 1 plugins.
Preloading 0 native plugins for Editor in 0.00 ms.
Invoked RoslynAnalysisRunner static constructor.
RoslynAnalysisRunner will not be running.
RoslynAnalysisRunner has terminated.
Mono: successfully reloaded assembly
- Completed reload, in  0.649 seconds
Platform modules already initialized, skipping
Refreshing native plugins compatible for Editor in 0.35 ms, found 1 plugins.
Preloading 0 native plugins for Editor in 0.00 ms.
Unloading 1790 Unused Serialized files (Serialized files now loaded: 0)
System memory in use before: 87.9 MB.
System memory in use after: 87.9 MB.

Unloading 12 unused Assets to reduce memory usage. Loaded Objects now: 2269.
Total: 1.873900 ms (FindLiveObjects: 0.228300 ms CreateObjectMapping: 0.038200 ms MarkObjects: 1.504500 ms  DeleteObjects: 0.101800 ms)

========================================================================
Received Import Request.
  Time since last request: 45.787916 seconds.
  path: Assets/Prefabs/enemyLaser.prefab
  artifactKey: Guid(44770797f34eadb41a538038df3b8dd0) Importer(815301076,1909f56bfc062723c751e8b465ee728b)
Start importing Assets/Prefabs/enemyLaser.prefab using Guid(44770797f34eadb41a538038df3b8dd0) Importer(815301076,1909f56bfc062723c751e8b465ee728b)  -> (artifact id: '678626b84a881394ccffb08aa5fe0dc2') in 0.044664 seconds
  Import took 0.047620 seconds .

========================================================================
Received Import Request.
  Time since last request: 5.593640 seconds.
  path: Assets/Prefabs/enemyLaser.prefab
  artifactKey: Guid(44770797f34eadb41a538038df3b8dd0) Importer(815301076,1909f56bfc062723c751e8b465ee728b)
Start importing Assets/Prefabs/enemyLaser.prefab using Guid(44770797f34eadb41a538038df3b8dd0) Importer(815301076,1909f56bfc062723c751e8b465ee728b)  -> (artifact id: '0f81bbc0423306d9dab668ca09bce947') in 0.012443 seconds
  Import took 0.015560 seconds .

========================================================================
Received Prepare
Registering precompiled user dll's ...
Registered in 0.000857 seconds.
Begin MonoManager ReloadAssembly
Native extension for LinuxStandalone target not found
Native extension for WindowsStandalone target not found
Native extension for OSXStandalone target not found
Refreshing native plugins compatible for Editor in 0.40 ms, found 1 plugins.
Preloading 0 native plugins for Editor in 0.00 ms.
Invoked RoslynAnalysisRunner static constructor.
RoslynAnalysisRunner will not be running.
RoslynAnalysisRunner has terminated.
Mono: successfully reloaded assembly
- Completed reload, in  0.656 seconds
Platform modules already initialized, skipping
Refreshing native plugins compatible for Editor in 0.36 ms, found 1 plugins.
Preloading 0 native plugins for Editor in 0.00 ms.
Unloading 1790 Unused Serialized files (Serialized files now loaded: 0)
System memory in use before: 88.0 MB.
System memory in use after: 88.0 MB.

Unloading 12 unused Assets to reduce memory usage. Loaded Objects now: 2273.
Total: 1.685100 ms (FindLiveObjects: 0.195100 ms CreateObjectMapping: 0.036700 ms MarkObjects: 1.369500 ms  DeleteObjects: 0.082900 ms)

========================================================================
Received Import Request.
  Time since last request: 458.486329 seconds.
  path: Assets/Prefabs/Player.prefab
  artifactKey: Guid(e3b02f6ffeb2ad54aadfa7a27013a531) Importer(815301076,1909f56bfc062723c751e8b465ee728b)
Start importing Assets/Prefabs/Player.prefab using Guid(e3b02f6ffeb2ad54aadfa7a27013a531) Importer(815301076,1909f56bfc062723c751e8b465ee728b)  -> (artifact id: '789fe06d026e0ac423bed61c98dc1672') in 0.052877 seconds
  Import took 0.055745 seconds .

========================================================================
Received Prepare
Registering precompiled user dll's ...
Registered in 0.000658 seconds.
Begin MonoManager ReloadAssembly
Native extension for LinuxStandalone target not found
Native extension for WindowsStandalone target not found
Native extension for OSXStandalone target not found
Refreshing native plugins compatible for Editor in 0.36 ms, found 1 plugins.
Preloading 0 native plugins for Editor in 0.00 ms.
Invoked RoslynAnalysisRunner static constructor.
RoslynAnalysisRunner will not be running.
RoslynAnalysisRunner has terminated.
Mono: successfully reloaded assembly
- Completed reload, in  0.649 seconds
Platform modules already initialized, skipping
Refreshing native plugins compatible for Editor in 0.36 ms, found 1 plugins.
Preloading 0 native plugins for Editor in 0.00 ms.
Unloading 1790 Unused Serialized files (Serialized files now loaded: 0)
System memory in use before: 88.1 MB.
System memory in use after: 88.1 MB.

Unloading 12 unused Assets to reduce memory usage. Loaded Objects now: 2277.
Total: 1.955700 ms (FindLiveObjects: 0.190500 ms CreateObjectMapping: 0.043600 ms MarkObjects: 1.634400 ms  DeleteObjects: 0.086100 ms)

========================================================================
Received Prepare
Registering precompiled user dll's ...
Registered in 0.000919 seconds.
Begin MonoManager ReloadAssembly
Native extension for LinuxStandalone target not found
Native extension for WindowsStandalone target not found
Native extension for OSXStandalone target not found
Refreshing native plugins compatible for Editor in 0.36 ms, found 1 plugins.
Preloading 0 native plugins for Editor in 0.00 ms.
Invoked RoslynAnalysisRunner static constructor.
RoslynAnalysisRunner will not be running.
RoslynAnalysisRunner has terminated.
Mono: successfully reloaded assembly
- Completed reload, in  0.677 seconds
Platform modules already initialized, skipping
Refreshing native plugins compatible for Editor in 0.42 ms, found 1 plugins.
Preloading 0 native plugins for Editor in 0.00 ms.
Unloading 1790 Unused Serialized files (Serialized files now loaded: 0)
System memory in use before: 88.2 MB.
System memory in use after: 88.2 MB.

Unloading 12 unused Assets to reduce memory usage. Loaded Objects now: 2280.
Total: 1.877100 ms (FindLiveObjects: 0.218200 ms CreateObjectMapping: 0.037700 ms MarkObjects: 1.529600 ms  DeleteObjects: 0.090300 ms)

========================================================================
Received Prepare
Registering precompiled user dll's ...
Registered in 0.000686 seconds.
Begin MonoManager ReloadAssembly
Native extension for LinuxStandalone target not found
Native extension for WindowsStandalone target not found
Native extension for OSXStandalone target not found
Refreshing native plugins compatible for Editor in 0.41 ms, found 1 plugins.
Preloading 0 native plugins for Editor in 0.00 ms.
Invoked RoslynAnalysisRunner static constructor.
RoslynAnalysisRunner will not be running.
RoslynAnalysisRunner has terminated.
Mono: successfully reloaded assembly
- Completed reload, in  0.643 seconds
Platform modules already initialized, skipping
Refreshing native plugins compatible for Editor in 0.35 ms, found 1 plugins.
Preloading 0 native plugins for Editor in 0.00 ms.
Unloading 1790 Unused Serialized files (Serialized files now loaded: 0)
System memory in use before: 88.2 MB.
System memory in use after: 88.2 MB.

Unloading 12 unused Assets to reduce memory usage. Loaded Objects now: 2283.
Total: 1.794500 ms (FindLiveObjects: 0.190000 ms CreateObjectMapping: 0.035800 ms MarkObjects: 1.480900 ms  DeleteObjects: 0.087100 ms)

========================================================================
Received Import Request.
  Time since last request: 238.761383 seconds.
  path: Assets/Prefabs/Player.prefab
  artifactKey: Guid(e3b02f6ffeb2ad54aadfa7a27013a531) Importer(815301076,1909f56bfc062723c751e8b465ee728b)
Start importing Assets/Prefabs/Player.prefab using Guid(e3b02f6ffeb2ad54aadfa7a27013a531) Importer(815301076,1909f56bfc062723c751e8b465ee728b)  -> (artifact id: 'cf978dd5217ae807085365e66111a3d8') in 0.052198 seconds
  Import took 0.054991 seconds .

========================================================================
Received Prepare
Registering precompiled user dll's ...
Registered in 0.000821 seconds.
Begin MonoManager ReloadAssembly
Native extension for LinuxStandalone target not found
Native extension for WindowsStandalone target not found
Native extension for OSXStandalone target not found
Refreshing native plugins compatible for Editor in 0.36 ms, found 1 plugins.
Preloading 0 native plugins for Editor in 0.00 ms.
Invoked RoslynAnalysisRunner static constructor.
RoslynAnalysisRunner will not be running.
RoslynAnalysisRunner has terminated.
Mono: successfully reloaded assembly
- Completed reload, in  0.654 seconds
Platform modules already initialized, skipping
Refreshing native plugins compatible for Editor in 0.36 ms, found 1 plugins.
Preloading 0 native plugins for Editor in 0.00 ms.
Unloading 1790 Unused Serialized files (Serialized files now loaded: 0)
System memory in use before: 88.4 MB.
System memory in use after: 88.4 MB.

Unloading 12 unused Assets to reduce memory usage. Loaded Objects now: 2287.
Total: 1.919000 ms (FindLiveObjects: 0.236800 ms CreateObjectMapping: 0.038500 ms MarkObjects: 1.546900 ms  DeleteObjects: 0.095400 ms)

========================================================================
Received Import Request.
  Time since last request: 35.636036 seconds.
  path: Assets/Prefabs/Player.prefab
  artifactKey: Guid(e3b02f6ffeb2ad54aadfa7a27013a531) Importer(815301076,1909f56bfc062723c751e8b465ee728b)
Start importing Assets/Prefabs/Player.prefab using Guid(e3b02f6ffeb2ad54aadfa7a27013a531) Importer(815301076,1909f56bfc062723c751e8b465ee728b)  -> (artifact id: '5819e08a7d9d4a06bb14d75966d286d0') in 0.050233 seconds
  Import took 0.053107 seconds .

========================================================================
Received Import Request.
  Time since last request: 1.224634 seconds.
  path: Assets/Prefabs/Player.prefab
  artifactKey: Guid(e3b02f6ffeb2ad54aadfa7a27013a531) Importer(815301076,1909f56bfc062723c751e8b465ee728b)
Start importing Assets/Prefabs/Player.prefab using Guid(e3b02f6ffeb2ad54aadfa7a27013a531) Importer(815301076,1909f56bfc062723c751e8b465ee728b)  -> (artifact id: 'c4f91b45eea2e703adcc6b3c7abd40aa') in 0.012891 seconds
  Import took 0.015732 seconds .

========================================================================
Received Import Request.
  Time since last request: 1.797272 seconds.
  path: Assets/Prefabs/Player.prefab
  artifactKey: Guid(e3b02f6ffeb2ad54aadfa7a27013a531) Importer(815301076,1909f56bfc062723c751e8b465ee728b)
Start importing Assets/Prefabs/Player.prefab using Guid(e3b02f6ffeb2ad54aadfa7a27013a531) Importer(815301076,1909f56bfc062723c751e8b465ee728b)  -> (artifact id: '81d9dce842e7dd8cfa0bb89f6aa37d01') in 0.013427 seconds
  Import took 0.016231 seconds .

========================================================================
Received Import Request.
  Time since last request: 1.395475 seconds.
  path: Assets/Prefabs/Player.prefab
  artifactKey: Guid(e3b02f6ffeb2ad54aadfa7a27013a531) Importer(815301076,1909f56bfc062723c751e8b465ee728b)
Start importing Assets/Prefabs/Player.prefab using Guid(e3b02f6ffeb2ad54aadfa7a27013a531) Importer(815301076,1909f56bfc062723c751e8b465ee728b)  -> (artifact id: '6aba6cb7d817d676496f3b4b60579ff2') in 0.010540 seconds
  Import took 0.013462 seconds .

========================================================================
Received Import Request.
  Time since last request: 2.010804 seconds.
  path: Assets/Prefabs/Player.prefab
  artifactKey: Guid(e3b02f6ffeb2ad54aadfa7a27013a531) Importer(815301076,1909f56bfc062723c751e8b465ee728b)
Start importing Assets/Prefabs/Player.prefab using Guid(e3b02f6ffeb2ad54aadfa7a27013a531) Importer(815301076,1909f56bfc062723c751e8b465ee728b)  -> (artifact id: 'a336be080d4f5c7bce5310c0f09e8d8d') in 0.008239 seconds
  Import took 0.011000 seconds .

========================================================================
Received Import Request.
  Time since last request: 1.798643 seconds.
  path: Assets/Prefabs/Player.prefab
  artifactKey: Guid(e3b02f6ffeb2ad54aadfa7a27013a531) Importer(815301076,1909f56bfc062723c751e8b465ee728b)
Start importing Assets/Prefabs/Player.prefab using Guid(e3b02f6ffeb2ad54aadfa7a27013a531) Importer(815301076,1909f56bfc062723c751e8b465ee728b)  -> (artifact id: '9f36fab262c977c6e762aaf85556e112') in 0.011130 seconds
  Import took 0.014064 seconds .

========================================================================
Received Import Request.
  Time since last request: 1.604282 seconds.
  path: Assets/Prefabs/Player.prefab
  artifactKey: Guid(e3b02f6ffeb2ad54aadfa7a27013a531) Importer(815301076,1909f56bfc062723c751e8b465ee728b)
Start importing Assets/Prefabs/Player.prefab using Guid(e3b02f6ffeb2ad54aadfa7a27013a531) Importer(815301076,1909f56bfc062723c751e8b465ee728b)  -> (artifact id: '8e45eb0bafb7d592fe10ee80c8d60074') in 0.008516 seconds
  Import took 0.011360 seconds .

========================================================================
Received Import Request.
  Time since last request: 1.597589 seconds.
  path: Assets/Prefabs/Player.prefab
  artifactKey: Guid(e3b02f6ffeb2ad54aadfa7a27013a531) Importer(815301076,1909f56bfc062723c751e8b465ee728b)
Start importing Assets/Prefabs/Player.prefab using Guid(e3b02f6ffeb2ad54aadfa7a27013a531) Importer(815301076,1909f56bfc062723c751e8b465ee728b)  -> (artifact id: 'ea8f939093bcd5fe925588d0e1e6eed2') in 0.008552 seconds
  Import took 0.011340 seconds .

========================================================================
Received Import Request.
  Time since last request: 1.605936 seconds.
  path: Assets/Prefabs/Player.prefab
  artifactKey: Guid(e3b02f6ffeb2ad54aadfa7a27013a531) Importer(815301076,1909f56bfc062723c751e8b465ee728b)
Start importing Assets/Prefabs/Player.prefab using Guid(e3b02f6ffeb2ad54aadfa7a27013a531) Importer(815301076,1909f56bfc062723c751e8b465ee728b)  -> (artifact id: 'f9c549d03a6151a4261c60ec2b71ea43') in 0.008998 seconds
  Import took 0.012179 seconds .

========================================================================
Received Import Request.
  Time since last request: 0.992563 seconds.
  path: Assets/Prefabs/Player.prefab
  artifactKey: Guid(e3b02f6ffeb2ad54aadfa7a27013a531) Importer(815301076,1909f56bfc062723c751e8b465ee728b)
Start importing Assets/Prefabs/Player.prefab using Guid(e3b02f6ffeb2ad54aadfa7a27013a531) Importer(815301076,1909f56bfc062723c751e8b465ee728b)  -> (artifact id: 'c2feb62ccee070886429fb0fa88eea29') in 0.015171 seconds
  Import took 0.018359 seconds .

========================================================================
Received Import Request.
  Time since last request: 1.004139 seconds.
  path: Assets/Prefabs/Player.prefab
  artifactKey: Guid(e3b02f6ffeb2ad54aadfa7a27013a531) Importer(815301076,1909f56bfc062723c751e8b465ee728b)
Start importing Assets/Prefabs/Player.prefab using Guid(e3b02f6ffeb2ad54aadfa7a27013a531) Importer(815301076,1909f56bfc062723c751e8b465ee728b)  -> (artifact id: '32357f1f159828b568b3d4fff3995099') in 0.011417 seconds
  Import took 0.014735 seconds .

========================================================================
Received Import Request.
  Time since last request: 1.383155 seconds.
  path: Assets/Prefabs/Player.prefab
  artifactKey: Guid(e3b02f6ffeb2ad54aadfa7a27013a531) Importer(815301076,1909f56bfc062723c751e8b465ee728b)
Start importing Assets/Prefabs/Player.prefab using Guid(e3b02f6ffeb2ad54aadfa7a27013a531) Importer(815301076,1909f56bfc062723c751e8b465ee728b)  -> (artifact id: '9e55c234656e1c81142f691930e26363') in 0.022381 seconds
  Import took 0.025098 seconds .

========================================================================
Received Import Request.
  Time since last request: 1.796261 seconds.
  path: Assets/Prefabs/Player.prefab
  artifactKey: Guid(e3b02f6ffeb2ad54aadfa7a27013a531) Importer(815301076,1909f56bfc062723c751e8b465ee728b)
Start importing Assets/Prefabs/Player.prefab using Guid(e3b02f6ffeb2ad54aadfa7a27013a531) Importer(815301076,1909f56bfc062723c751e8b465ee728b)  -> (artifact id: 'fcf41be225208dd35e657e64ddcc0be7') in 0.008627 seconds
  Import took 0.011350 seconds .

========================================================================
Received Import Request.
  Time since last request: 2.000822 seconds.
  path: Assets/Prefabs/Player.prefab
  artifactKey: Guid(e3b02f6ffeb2ad54aadfa7a27013a531) Importer(815301076,1909f56bfc062723c751e8b465ee728b)
Start importing Assets/Prefabs/Player.prefab using Guid(e3b02f6ffeb2ad54aadfa7a27013a531) Importer(815301076,1909f56bfc062723c751e8b465ee728b)  -> (artifact id: 'd2d9e006ba0329c60b2915424cc80d6d') in 0.010050 seconds
  Import took 0.012800 seconds .

========================================================================
Received Import Request.
  Time since last request: 2.604930 seconds.
  path: Assets/Prefabs/Player.prefab
  artifactKey: Guid(e3b02f6ffeb2ad54aadfa7a27013a531) Importer(815301076,1909f56bfc062723c751e8b465ee728b)
Start importing Assets/Prefabs/Player.prefab using Guid(e3b02f6ffeb2ad54aadfa7a27013a531) Importer(815301076,1909f56bfc062723c751e8b465ee728b)  -> (artifact id: '3afd059cb7d7a71ab35781ccb485b189') in 0.008090 seconds
  Import took 0.010953 seconds .

========================================================================
Received Import Request.
  Time since last request: 29.831843 seconds.
  path: Assets/Prefabs/Player.prefab
  artifactKey: Guid(e3b02f6ffeb2ad54aadfa7a27013a531) Importer(815301076,1909f56bfc062723c751e8b465ee728b)
Start importing Assets/Prefabs/Player.prefab using Guid(e3b02f6ffeb2ad54aadfa7a27013a531) Importer(815301076,1909f56bfc062723c751e8b465ee728b)  -> (artifact id: '72ea25460e5a80f9b3e87009bb437aad') in 0.013993 seconds
  Import took 0.016980 seconds .

AssetImportWorkerClient::OnTransportError - code=2 error=End of file
