Using pre-set license
Built from '2020.2/release' branch; Version is '2020.2.0f1 (3721df5a8b28) revision 3613151'; Using compiler version '192528614'; Build Type 'Release'
OS: 'Windows 10  (10.0.0) 64bit' Language: 'en' Physical Memory: 16292 MB
BatchMode: 1, IsHumanControllingUs: 0, StartBugReporterOnCrash: 0, Is64bit: 1, IsPro: 0

 COMMAND LINE ARGUMENTS:
D:\Games\Unity\2020.2.0f1\Editor\Unity.exe
-adb2
-batchMode
-noUpm
-name
AssetImportWorker0
-projectPath
C:/Projects/Unity Tutorials/laserDefender
-logFile
Logs/AssetImportWorker0.log
-srvPort
62814
Successfully changed project path to: C:/Projects/Unity Tutorials/laserDefender
C:/Projects/Unity Tutorials/laserDefender
Using Asset Import Pipeline V2.
Refreshing native plugins compatible for Editor in 32.30 ms, found 1 plugins.
Preloading 0 native plugins for Editor in 0.00 ms.
Initialize engine version: 2020.2.0f1 (3721df5a8b28)
[Subsystems] Discovering subsystems at path D:/Games/Unity/2020.2.0f1/Editor/Data/Resources/UnitySubsystems
[Subsystems] Discovering subsystems at path C:/Projects/Unity Tutorials/laserDefender/Assets
GfxDevice: creating device client; threaded=0
Direct3D:
    Version:  Direct3D 11.0 [level 11.1]
    Renderer: NVIDIA GeForce RTX 3080 (ID=0x2206)
    Vendor:   
    VRAM:     10078 MB
    Driver:   27.21.14.6109
Initialize mono
Mono path[0] = 'D:/Games/Unity/2020.2.0f1/Editor/Data/Managed'
Mono path[1] = 'D:/Games/Unity/2020.2.0f1/Editor/Data/MonoBleedingEdge/lib/mono/unityjit'
Mono config path = 'D:/Games/Unity/2020.2.0f1/Editor/Data/MonoBleedingEdge/etc'
Using monoOptions --debugger-agent=transport=dt_socket,embedding=1,server=y,suspend=n,address=127.0.0.1:56324
Begin MonoManager ReloadAssembly
Registering precompiled unity dll's ...
Register platform support module: D:/Games/Unity/2020.2.0f1/Editor/Data/PlaybackEngines/MacStandaloneSupport/UnityEditor.OSXStandalone.Extensions.dll
Register platform support module: D:/Games/Unity/2020.2.0f1/Editor/Data/PlaybackEngines/WindowsStandaloneSupport/UnityEditor.WindowsStandalone.Extensions.dll
Register platform support module: D:/Games/Unity/2020.2.0f1/Editor/Data/PlaybackEngines/LinuxStandaloneSupport/UnityEditor.LinuxStandalone.Extensions.dll
Registered in 0.001058 seconds.
Native extension for LinuxStandalone target not found
Native extension for WindowsStandalone target not found
Native extension for OSXStandalone target not found
Refreshing native plugins compatible for Editor in 31.08 ms, found 1 plugins.
Preloading 0 native plugins for Editor in 0.00 ms.
Invoked RoslynAnalysisRunner static constructor.
RoslynAnalysisRunner will not be running.
RoslynAnalysisRunner has terminated.
Mono: successfully reloaded assembly
- Completed reload, in  2.438 seconds
Platform modules already initialized, skipping
Registering precompiled user dll's ...
Registered in 0.000730 seconds.
Begin MonoManager ReloadAssembly
Native extension for LinuxStandalone target not found
Native extension for WindowsStandalone target not found
Native extension for OSXStandalone target not found
Refreshing native plugins compatible for Editor in 32.67 ms, found 1 plugins.
Preloading 0 native plugins for Editor in 0.00 ms.
Invoked RoslynAnalysisRunner static constructor.
RoslynAnalysisRunner will not be running.
RoslynAnalysisRunner has terminated.
Mono: successfully reloaded assembly
- Completed reload, in  0.735 seconds
Platform modules already initialized, skipping
========================================================================
Worker process is ready to serve import requests
Launched and connected shader compiler UnityShaderCompiler.exe after 0.06 seconds
Refreshing native plugins compatible for Editor in 0.36 ms, found 1 plugins.
Preloading 0 native plugins for Editor in 0.00 ms.
Unloading 1791 Unused Serialized files (Serialized files now loaded: 0)
System memory in use before: 84.0 MB.
System memory in use after: 83.9 MB.

Unloading 24 unused Assets to reduce memory usage. Loaded Objects now: 2231.
Total: 2.287300 ms (FindLiveObjects: 0.237900 ms CreateObjectMapping: 0.065000 ms MarkObjects: 1.863400 ms  DeleteObjects: 0.119700 ms)

========================================================================
Received Import Request.
  path: Assets/Scripts/EnemyPathing.cs
  artifactKey: Guid(ec25afbe6094e4e4f8d43a248299363c) Importer(815301076,1909f56bfc062723c751e8b465ee728b)
Start importing Assets/Scripts/EnemyPathing.cs using Guid(ec25afbe6094e4e4f8d43a248299363c) Importer(815301076,1909f56bfc062723c751e8b465ee728b)  -> (artifact id: 'ac8f981c962579ab3f8cd42e2283f108') in 0.035577 seconds
  Import took 0.038493 seconds .

========================================================================
Received Prepare
Registering precompiled user dll's ...
Registered in 0.028112 seconds.
Begin MonoManager ReloadAssembly
Native extension for LinuxStandalone target not found
Native extension for WindowsStandalone target not found
Native extension for OSXStandalone target not found
Refreshing native plugins compatible for Editor in 0.37 ms, found 1 plugins.
Preloading 0 native plugins for Editor in 0.00 ms.
Invoked RoslynAnalysisRunner static constructor.
RoslynAnalysisRunner will not be running.
RoslynAnalysisRunner has terminated.
Mono: successfully reloaded assembly
- Completed reload, in  0.746 seconds
Platform modules already initialized, skipping
Refreshing native plugins compatible for Editor in 0.38 ms, found 1 plugins.
Preloading 0 native plugins for Editor in 0.00 ms.
Unloading 1786 Unused Serialized files (Serialized files now loaded: 0)
System memory in use before: 84.0 MB.
System memory in use after: 84.0 MB.

Unloading 12 unused Assets to reduce memory usage. Loaded Objects now: 2234.
Total: 1.951900 ms (FindLiveObjects: 0.171100 ms CreateObjectMapping: 0.035100 ms MarkObjects: 1.661200 ms  DeleteObjects: 0.083400 ms)

========================================================================
Received Prepare
Registering precompiled user dll's ...
Registered in 0.000787 seconds.
Begin MonoManager ReloadAssembly
Native extension for LinuxStandalone target not found
Native extension for WindowsStandalone target not found
Native extension for OSXStandalone target not found
Refreshing native plugins compatible for Editor in 0.36 ms, found 1 plugins.
Preloading 0 native plugins for Editor in 0.00 ms.
Invoked RoslynAnalysisRunner static constructor.
RoslynAnalysisRunner will not be running.
RoslynAnalysisRunner has terminated.
Mono: successfully reloaded assembly
- Completed reload, in  0.643 seconds
Platform modules already initialized, skipping
Refreshing native plugins compatible for Editor in 0.33 ms, found 1 plugins.
Preloading 0 native plugins for Editor in 0.00 ms.
Unloading 1786 Unused Serialized files (Serialized files now loaded: 0)
System memory in use before: 84.1 MB.
System memory in use after: 84.1 MB.

Unloading 12 unused Assets to reduce memory usage. Loaded Objects now: 2237.
Total: 1.908900 ms (FindLiveObjects: 0.177900 ms CreateObjectMapping: 0.036200 ms MarkObjects: 1.606800 ms  DeleteObjects: 0.087200 ms)

========================================================================
Received Import Request.
  Time since last request: 13368.919113 seconds.
  path: Assets/Scripts/EnemyPathing.cs
  artifactKey: Guid(ec25afbe6094e4e4f8d43a248299363c) Importer(815301076,1909f56bfc062723c751e8b465ee728b)
Start importing Assets/Scripts/EnemyPathing.cs using Guid(ec25afbe6094e4e4f8d43a248299363c) Importer(815301076,1909f56bfc062723c751e8b465ee728b)  -> (artifact id: 'fe2422a1534b31192b6b4eabb8250410') in 0.007275 seconds
  Import took 0.009918 seconds .

========================================================================
Received Prepare
Registering precompiled user dll's ...
Registered in 0.000672 seconds.
Begin MonoManager ReloadAssembly
Native extension for LinuxStandalone target not found
Native extension for WindowsStandalone target not found
Native extension for OSXStandalone target not found
Refreshing native plugins compatible for Editor in 0.36 ms, found 1 plugins.
Preloading 0 native plugins for Editor in 0.00 ms.
Invoked RoslynAnalysisRunner static constructor.
RoslynAnalysisRunner will not be running.
RoslynAnalysisRunner has terminated.
Mono: successfully reloaded assembly
- Completed reload, in  0.653 seconds
Platform modules already initialized, skipping
Refreshing native plugins compatible for Editor in 0.34 ms, found 1 plugins.
Preloading 0 native plugins for Editor in 0.00 ms.
Unloading 1786 Unused Serialized files (Serialized files now loaded: 0)
System memory in use before: 84.2 MB.
System memory in use after: 84.2 MB.

Unloading 12 unused Assets to reduce memory usage. Loaded Objects now: 2240.
Total: 1.986100 ms (FindLiveObjects: 0.205000 ms CreateObjectMapping: 0.039000 ms MarkObjects: 1.652000 ms  DeleteObjects: 0.088900 ms)

========================================================================
Received Prepare
Registering precompiled user dll's ...
Registered in 0.000667 seconds.
Begin MonoManager ReloadAssembly
Native extension for LinuxStandalone target not found
Native extension for WindowsStandalone target not found
Native extension for OSXStandalone target not found
Refreshing native plugins compatible for Editor in 0.36 ms, found 1 plugins.
Preloading 0 native plugins for Editor in 0.00 ms.
Invoked RoslynAnalysisRunner static constructor.
RoslynAnalysisRunner will not be running.
RoslynAnalysisRunner has terminated.
Mono: successfully reloaded assembly
- Completed reload, in  0.642 seconds
Platform modules already initialized, skipping
Refreshing native plugins compatible for Editor in 0.33 ms, found 1 plugins.
Preloading 0 native plugins for Editor in 0.00 ms.
Unloading 1786 Unused Serialized files (Serialized files now loaded: 0)
System memory in use before: 84.3 MB.
System memory in use after: 84.3 MB.

Unloading 12 unused Assets to reduce memory usage. Loaded Objects now: 2243.
Total: 2.027500 ms (FindLiveObjects: 0.215600 ms CreateObjectMapping: 0.043400 ms MarkObjects: 1.694500 ms  DeleteObjects: 0.073300 ms)

========================================================================
Received Import Request.
  Time since last request: 299.197089 seconds.
  path: Assets/Scripts/WaveConfig.cs
  artifactKey: Guid(f97ff01a23d7f1946afb8754ed2b051d) Importer(815301076,1909f56bfc062723c751e8b465ee728b)
Start importing Assets/Scripts/WaveConfig.cs using Guid(f97ff01a23d7f1946afb8754ed2b051d) Importer(815301076,1909f56bfc062723c751e8b465ee728b)  -> (artifact id: 'cbc0901e49c32ecb7a01a7847384ec1e') in 0.010302 seconds
  Import took 0.013179 seconds .

========================================================================
Received Prepare
Registering precompiled user dll's ...
Registered in 0.000702 seconds.
Begin MonoManager ReloadAssembly
Native extension for LinuxStandalone target not found
Native extension for WindowsStandalone target not found
Native extension for OSXStandalone target not found
Refreshing native plugins compatible for Editor in 0.36 ms, found 1 plugins.
Preloading 0 native plugins for Editor in 0.00 ms.
Invoked RoslynAnalysisRunner static constructor.
RoslynAnalysisRunner will not be running.
RoslynAnalysisRunner has terminated.
Mono: successfully reloaded assembly
- Completed reload, in  0.677 seconds
Platform modules already initialized, skipping
Refreshing native plugins compatible for Editor in 0.35 ms, found 1 plugins.
Preloading 0 native plugins for Editor in 0.00 ms.
Unloading 1787 Unused Serialized files (Serialized files now loaded: 0)
System memory in use before: 84.4 MB.
System memory in use after: 84.4 MB.

Unloading 12 unused Assets to reduce memory usage. Loaded Objects now: 2247.
Total: 1.961200 ms (FindLiveObjects: 0.198200 ms CreateObjectMapping: 0.037400 ms MarkObjects: 1.637600 ms  DeleteObjects: 0.086700 ms)

========================================================================
Received Prepare
Registering precompiled user dll's ...
Registered in 0.000733 seconds.
Begin MonoManager ReloadAssembly
Native extension for LinuxStandalone target not found
Native extension for WindowsStandalone target not found
Native extension for OSXStandalone target not found
Refreshing native plugins compatible for Editor in 0.36 ms, found 1 plugins.
Preloading 0 native plugins for Editor in 0.00 ms.
Invoked RoslynAnalysisRunner static constructor.
RoslynAnalysisRunner will not be running.
RoslynAnalysisRunner has terminated.
Mono: successfully reloaded assembly
- Completed reload, in  0.645 seconds
Platform modules already initialized, skipping
Refreshing native plugins compatible for Editor in 0.37 ms, found 1 plugins.
Preloading 0 native plugins for Editor in 0.00 ms.
Unloading 1787 Unused Serialized files (Serialized files now loaded: 0)
System memory in use before: 84.5 MB.
System memory in use after: 84.5 MB.

Unloading 12 unused Assets to reduce memory usage. Loaded Objects now: 2250.
Total: 2.276500 ms (FindLiveObjects: 0.369700 ms CreateObjectMapping: 0.072100 ms MarkObjects: 1.685200 ms  DeleteObjects: 0.148100 ms)

========================================================================
Received Import Request.
  Time since last request: 66.602911 seconds.
  path: Assets/Scripts/WaveConfig.cs
  artifactKey: Guid(f97ff01a23d7f1946afb8754ed2b051d) Importer(815301076,1909f56bfc062723c751e8b465ee728b)
Start importing Assets/Scripts/WaveConfig.cs using Guid(f97ff01a23d7f1946afb8754ed2b051d) Importer(815301076,1909f56bfc062723c751e8b465ee728b)  -> (artifact id: 'dc28647d3d50ed272fea3db161c3de24') in 0.004763 seconds
  Import took 0.007326 seconds .

========================================================================
Received Import Request.
  Time since last request: 45.519325 seconds.
  path: Assets/Scripts/Wave 1.asset
  artifactKey: Guid(1542c1ab5bc6197498cc613f543d8752) Importer(815301076,1909f56bfc062723c751e8b465ee728b)
Start importing Assets/Scripts/Wave 1.asset using Guid(1542c1ab5bc6197498cc613f543d8752) Importer(815301076,1909f56bfc062723c751e8b465ee728b)  -> (artifact id: '545b35ed47f478d96f15531d9623dbf5') in 0.015559 seconds
  Import took 0.018193 seconds .

========================================================================
Received Import Request.
  Time since last request: 15.898079 seconds.
  path: Assets/Waves
  artifactKey: Guid(052cf143c5df5d645a098454780818fa) Importer(815301076,1909f56bfc062723c751e8b465ee728b)
Start importing Assets/Waves using Guid(052cf143c5df5d645a098454780818fa) Importer(815301076,1909f56bfc062723c751e8b465ee728b)  -> (artifact id: 'ba76beb8d47be6c757b5deee785961d9') in 0.005918 seconds
  Import took 0.008764 seconds .

========================================================================
Received Prepare
Registering precompiled user dll's ...
Registered in 0.000739 seconds.
Begin MonoManager ReloadAssembly
Native extension for LinuxStandalone target not found
Native extension for WindowsStandalone target not found
Native extension for OSXStandalone target not found
Refreshing native plugins compatible for Editor in 0.37 ms, found 1 plugins.
Preloading 0 native plugins for Editor in 0.00 ms.
Invoked RoslynAnalysisRunner static constructor.
RoslynAnalysisRunner will not be running.
RoslynAnalysisRunner has terminated.
Mono: successfully reloaded assembly
- Completed reload, in  0.640 seconds
Platform modules already initialized, skipping
Refreshing native plugins compatible for Editor in 0.31 ms, found 1 plugins.
Preloading 0 native plugins for Editor in 0.00 ms.
Unloading 1787 Unused Serialized files (Serialized files now loaded: 0)
System memory in use before: 84.6 MB.
System memory in use after: 84.6 MB.

Unloading 12 unused Assets to reduce memory usage. Loaded Objects now: 2253.
Total: 2.037800 ms (FindLiveObjects: 0.192100 ms CreateObjectMapping: 0.036900 ms MarkObjects: 1.719800 ms  DeleteObjects: 0.087800 ms)

========================================================================
Received Import Request.
  Time since last request: 422.465682 seconds.
  path: Assets/Prefabs/Enemy.prefab
  artifactKey: Guid(33618d20a6499d049aa5ff142d79db31) Importer(815301076,1909f56bfc062723c751e8b465ee728b)
Start importing Assets/Prefabs/Enemy.prefab using Guid(33618d20a6499d049aa5ff142d79db31) Importer(815301076,1909f56bfc062723c751e8b465ee728b)  -> (artifact id: '40e8b51e9562450e884818fa83d01ee4') in 0.089194 seconds
  Import took 0.092183 seconds .

========================================================================
Received Import Request.
  Time since last request: 261.497795 seconds.
  path: Assets/Scripts/WaveConfig.cs
  artifactKey: Guid(f97ff01a23d7f1946afb8754ed2b051d) Importer(815301076,1909f56bfc062723c751e8b465ee728b)
Start importing Assets/Scripts/WaveConfig.cs using Guid(f97ff01a23d7f1946afb8754ed2b051d) Importer(815301076,1909f56bfc062723c751e8b465ee728b)  -> (artifact id: 'b8aa38b01f0fc36533373e9e2eea2a94') in 0.002260 seconds
  Import took 0.005075 seconds .

========================================================================
Received Prepare
Registering precompiled user dll's ...
Registered in 0.000759 seconds.
Begin MonoManager ReloadAssembly
Native extension for LinuxStandalone target not found
Native extension for WindowsStandalone target not found
Native extension for OSXStandalone target not found
Refreshing native plugins compatible for Editor in 0.37 ms, found 1 plugins.
Preloading 0 native plugins for Editor in 0.00 ms.
Invoked RoslynAnalysisRunner static constructor.
RoslynAnalysisRunner will not be running.
RoslynAnalysisRunner has terminated.
Mono: successfully reloaded assembly
- Completed reload, in  0.657 seconds
Platform modules already initialized, skipping
Refreshing native plugins compatible for Editor in 0.29 ms, found 1 plugins.
Preloading 0 native plugins for Editor in 0.00 ms.
Unloading 1787 Unused Serialized files (Serialized files now loaded: 0)
System memory in use before: 87.8 MB.
System memory in use after: 87.8 MB.

Unloading 12 unused Assets to reduce memory usage. Loaded Objects now: 2263.
Total: 2.060400 ms (FindLiveObjects: 0.206800 ms CreateObjectMapping: 0.051600 ms MarkObjects: 1.711300 ms  DeleteObjects: 0.089500 ms)

========================================================================
Received Import Request.
  Time since last request: 268.139719 seconds.
  path: Assets/Scripts/WaveConfig.cs
  artifactKey: Guid(f97ff01a23d7f1946afb8754ed2b051d) Importer(815301076,1909f56bfc062723c751e8b465ee728b)
Start importing Assets/Scripts/WaveConfig.cs using Guid(f97ff01a23d7f1946afb8754ed2b051d) Importer(815301076,1909f56bfc062723c751e8b465ee728b)  -> (artifact id: '291c9ff377a665bca458f58d5d5057fa') in 0.004862 seconds
  Import took 0.007548 seconds .

========================================================================
Received Import Request.
  Time since last request: 87.428605 seconds.
  path: Assets/Paths/Path (1).prefab
  artifactKey: Guid(7d518db3ca1f18e4793bd356b51f09f8) Importer(815301076,1909f56bfc062723c751e8b465ee728b)
Start importing Assets/Paths/Path (1).prefab using Guid(7d518db3ca1f18e4793bd356b51f09f8) Importer(815301076,1909f56bfc062723c751e8b465ee728b)  -> (artifact id: 'bf284e57eae66a5113b57b52f02cf3fb') in 0.022634 seconds
  Import took 0.025722 seconds .

========================================================================
Received Import Request.
  Time since last request: 0.001017 seconds.
  path: Assets/Paths/Path (1).prefab
  artifactKey: Guid(7d518db3ca1f18e4793bd356b51f09f8) Importer(815301076,1909f56bfc062723c751e8b465ee728b)
Start importing Assets/Paths/Path (1).prefab using Guid(7d518db3ca1f18e4793bd356b51f09f8) Importer(815301076,1909f56bfc062723c751e8b465ee728b)  -> (artifact id: 'bf284e57eae66a5113b57b52f02cf3fb') in 0.003877 seconds
  Import took 0.007104 seconds .

========================================================================
Received Import Request.
  Time since last request: 26.631732 seconds.
  path: Assets/Waves/Wave 1.asset
  artifactKey: Guid(1542c1ab5bc6197498cc613f543d8752) Importer(815301076,1909f56bfc062723c751e8b465ee728b)
Start importing Assets/Waves/Wave 1.asset using Guid(1542c1ab5bc6197498cc613f543d8752) Importer(815301076,1909f56bfc062723c751e8b465ee728b)  -> (artifact id: '7106a8c7087323e0d342b3a8278e479d') in 0.004718 seconds
  Import took 0.007543 seconds .

========================================================================
Received Prepare
Registering precompiled user dll's ...
Registered in 0.000677 seconds.
Begin MonoManager ReloadAssembly
Native extension for LinuxStandalone target not found
Native extension for WindowsStandalone target not found
Native extension for OSXStandalone target not found
Refreshing native plugins compatible for Editor in 0.43 ms, found 1 plugins.
Preloading 0 native plugins for Editor in 0.00 ms.
Invoked RoslynAnalysisRunner static constructor.
RoslynAnalysisRunner will not be running.
RoslynAnalysisRunner has terminated.
Mono: successfully reloaded assembly
- Completed reload, in  0.637 seconds
Platform modules already initialized, skipping
Refreshing native plugins compatible for Editor in 0.35 ms, found 1 plugins.
Preloading 0 native plugins for Editor in 0.00 ms.
Unloading 1787 Unused Serialized files (Serialized files now loaded: 0)
System memory in use before: 87.9 MB.
System memory in use after: 87.9 MB.

Unloading 12 unused Assets to reduce memory usage. Loaded Objects now: 2266.
Total: 1.855800 ms (FindLiveObjects: 0.197000 ms CreateObjectMapping: 0.038700 ms MarkObjects: 1.530900 ms  DeleteObjects: 0.088300 ms)

========================================================================
Received Prepare
Registering precompiled user dll's ...
Registered in 0.000659 seconds.
Begin MonoManager ReloadAssembly
Native extension for LinuxStandalone target not found
Native extension for WindowsStandalone target not found
Native extension for OSXStandalone target not found
Refreshing native plugins compatible for Editor in 0.36 ms, found 1 plugins.
Preloading 0 native plugins for Editor in 0.00 ms.
Invoked RoslynAnalysisRunner static constructor.
RoslynAnalysisRunner will not be running.
RoslynAnalysisRunner has terminated.
Mono: successfully reloaded assembly
- Completed reload, in  0.645 seconds
Platform modules already initialized, skipping
Refreshing native plugins compatible for Editor in 0.32 ms, found 1 plugins.
Preloading 0 native plugins for Editor in 0.00 ms.
Unloading 1787 Unused Serialized files (Serialized files now loaded: 0)
System memory in use before: 88.0 MB.
System memory in use after: 88.0 MB.

Unloading 12 unused Assets to reduce memory usage. Loaded Objects now: 2269.
Total: 1.946600 ms (FindLiveObjects: 0.277700 ms CreateObjectMapping: 0.063200 ms MarkObjects: 1.513100 ms  DeleteObjects: 0.091200 ms)

========================================================================
Received Import Request.
  Time since last request: 1533.453639 seconds.
  path: Assets/Scripts/Enemy Spawner.cs
  artifactKey: Guid(9d66a9c9f3d8eda4693e9ed53d79f00b) Importer(815301076,1909f56bfc062723c751e8b465ee728b)
Start importing Assets/Scripts/Enemy Spawner.cs using Guid(9d66a9c9f3d8eda4693e9ed53d79f00b) Importer(815301076,1909f56bfc062723c751e8b465ee728b)  -> (artifact id: 'f5ca61c74b966df3417ea82c6213cb9b') in 0.009161 seconds
  Import took 0.012317 seconds .

========================================================================
Received Prepare
Registering precompiled user dll's ...
Registered in 0.000706 seconds.
Begin MonoManager ReloadAssembly
Native extension for LinuxStandalone target not found
Native extension for WindowsStandalone target not found
Native extension for OSXStandalone target not found
Refreshing native plugins compatible for Editor in 0.37 ms, found 1 plugins.
Preloading 0 native plugins for Editor in 0.00 ms.
Invoked RoslynAnalysisRunner static constructor.
RoslynAnalysisRunner will not be running.
RoslynAnalysisRunner has terminated.
Mono: successfully reloaded assembly
- Completed reload, in  0.657 seconds
Platform modules already initialized, skipping
Refreshing native plugins compatible for Editor in 0.34 ms, found 1 plugins.
Preloading 0 native plugins for Editor in 0.00 ms.
Unloading 1788 Unused Serialized files (Serialized files now loaded: 0)
System memory in use before: 88.1 MB.
System memory in use after: 88.1 MB.

Unloading 12 unused Assets to reduce memory usage. Loaded Objects now: 2273.
Total: 1.996700 ms (FindLiveObjects: 0.194700 ms CreateObjectMapping: 0.042300 ms MarkObjects: 1.668200 ms  DeleteObjects: 0.088700 ms)

========================================================================
Received Prepare
Registering precompiled user dll's ...
Registered in 0.000710 seconds.
Begin MonoManager ReloadAssembly
Native extension for LinuxStandalone target not found
Native extension for WindowsStandalone target not found
Native extension for OSXStandalone target not found
Refreshing native plugins compatible for Editor in 0.36 ms, found 1 plugins.
Preloading 0 native plugins for Editor in 0.00 ms.
Invoked RoslynAnalysisRunner static constructor.
RoslynAnalysisRunner will not be running.
RoslynAnalysisRunner has terminated.
Mono: successfully reloaded assembly
- Completed reload, in  0.654 seconds
Platform modules already initialized, skipping
Refreshing native plugins compatible for Editor in 0.36 ms, found 1 plugins.
Preloading 0 native plugins for Editor in 0.00 ms.
Unloading 1787 Unused Serialized files (Serialized files now loaded: 0)
System memory in use before: 88.1 MB.
System memory in use after: 88.1 MB.

Unloading 13 unused Assets to reduce memory usage. Loaded Objects now: 2275.
Total: 2.191300 ms (FindLiveObjects: 0.284100 ms CreateObjectMapping: 0.050400 ms MarkObjects: 1.739900 ms  DeleteObjects: 0.115200 ms)

========================================================================
Received Import Request.
  Time since last request: 16.748557 seconds.
  path: Assets/Scripts/EnemySpawner.cs
  artifactKey: Guid(d34caead9e12362498fa03b66f514e4e) Importer(815301076,1909f56bfc062723c751e8b465ee728b)
Start importing Assets/Scripts/EnemySpawner.cs using Guid(d34caead9e12362498fa03b66f514e4e) Importer(815301076,1909f56bfc062723c751e8b465ee728b)  -> (artifact id: '131421ad5cafa7bf2878a97786056ab6') in 0.008536 seconds
  Import took 0.011342 seconds .

========================================================================
Received Prepare
Registering precompiled user dll's ...
Registered in 0.000754 seconds.
Begin MonoManager ReloadAssembly
Native extension for LinuxStandalone target not found
Native extension for WindowsStandalone target not found
Native extension for OSXStandalone target not found
Refreshing native plugins compatible for Editor in 0.36 ms, found 1 plugins.
Preloading 0 native plugins for Editor in 0.00 ms.
Invoked RoslynAnalysisRunner static constructor.
RoslynAnalysisRunner will not be running.
RoslynAnalysisRunner has terminated.
Mono: successfully reloaded assembly
- Completed reload, in  0.652 seconds
Platform modules already initialized, skipping
Refreshing native plugins compatible for Editor in 0.67 ms, found 1 plugins.
Preloading 0 native plugins for Editor in 0.00 ms.
Unloading 1788 Unused Serialized files (Serialized files now loaded: 0)
System memory in use before: 88.2 MB.
System memory in use after: 88.2 MB.

Unloading 12 unused Assets to reduce memory usage. Loaded Objects now: 2279.
Total: 2.083800 ms (FindLiveObjects: 0.331100 ms CreateObjectMapping: 0.056400 ms MarkObjects: 1.564400 ms  DeleteObjects: 0.129900 ms)

========================================================================
Received Prepare
Registering precompiled user dll's ...
Registered in 0.000762 seconds.
Begin MonoManager ReloadAssembly
Native extension for LinuxStandalone target not found
Native extension for WindowsStandalone target not found
Native extension for OSXStandalone target not found
Refreshing native plugins compatible for Editor in 0.36 ms, found 1 plugins.
Preloading 0 native plugins for Editor in 0.00 ms.
Invoked RoslynAnalysisRunner static constructor.
RoslynAnalysisRunner will not be running.
RoslynAnalysisRunner has terminated.
Mono: successfully reloaded assembly
- Completed reload, in  0.639 seconds
Platform modules already initialized, skipping
Refreshing native plugins compatible for Editor in 0.34 ms, found 1 plugins.
Preloading 0 native plugins for Editor in 0.00 ms.
Unloading 1788 Unused Serialized files (Serialized files now loaded: 0)
System memory in use before: 88.3 MB.
System memory in use after: 88.3 MB.

Unloading 12 unused Assets to reduce memory usage. Loaded Objects now: 2282.
Total: 1.870200 ms (FindLiveObjects: 0.208100 ms CreateObjectMapping: 0.045600 ms MarkObjects: 1.530500 ms  DeleteObjects: 0.084900 ms)

========================================================================
Received Import Request.
  Time since last request: 68.588507 seconds.
  path: Assets/Scripts/EnemySpawner.cs
  artifactKey: Guid(d34caead9e12362498fa03b66f514e4e) Importer(815301076,1909f56bfc062723c751e8b465ee728b)
Start importing Assets/Scripts/EnemySpawner.cs using Guid(d34caead9e12362498fa03b66f514e4e) Importer(815301076,1909f56bfc062723c751e8b465ee728b)  -> (artifact id: 'b77e8ff020cb61980616626b77e09f17') in 0.004499 seconds
  Import took 0.007089 seconds .

========================================================================
Received Import Request.
  Time since last request: 14.948524 seconds.
  path: Assets/Waves/Wave 2.asset
  artifactKey: Guid(baff88933ede13c45b4d3b62b5fe0959) Importer(815301076,1909f56bfc062723c751e8b465ee728b)
Start importing Assets/Waves/Wave 2.asset using Guid(baff88933ede13c45b4d3b62b5fe0959) Importer(815301076,1909f56bfc062723c751e8b465ee728b)  -> (artifact id: '2b2eaa24b80998fb974c6116c9876ac9') in 0.013016 seconds
  Import took 0.015791 seconds .

========================================================================
Received Import Request.
  Time since last request: 56.451158 seconds.
  path: Assets/Waves/Wave 2.asset
  artifactKey: Guid(baff88933ede13c45b4d3b62b5fe0959) Importer(815301076,1909f56bfc062723c751e8b465ee728b)
Start importing Assets/Waves/Wave 2.asset using Guid(baff88933ede13c45b4d3b62b5fe0959) Importer(815301076,1909f56bfc062723c751e8b465ee728b)  -> (artifact id: '7428f105dff12cd58e7e05cbc389c7d5') in 0.003874 seconds
  Import took 0.006711 seconds .

========================================================================
Received Prepare
Registering precompiled user dll's ...
Registered in 0.000721 seconds.
Begin MonoManager ReloadAssembly
Native extension for LinuxStandalone target not found
Native extension for WindowsStandalone target not found
Native extension for OSXStandalone target not found
Refreshing native plugins compatible for Editor in 0.45 ms, found 1 plugins.
Preloading 0 native plugins for Editor in 0.00 ms.
Invoked RoslynAnalysisRunner static constructor.
RoslynAnalysisRunner will not be running.
RoslynAnalysisRunner has terminated.
Mono: successfully reloaded assembly
- Completed reload, in  0.648 seconds
Platform modules already initialized, skipping
Refreshing native plugins compatible for Editor in 0.30 ms, found 1 plugins.
Preloading 0 native plugins for Editor in 0.00 ms.
Unloading 1788 Unused Serialized files (Serialized files now loaded: 0)
System memory in use before: 88.4 MB.
System memory in use after: 88.4 MB.

Unloading 12 unused Assets to reduce memory usage. Loaded Objects now: 2285.
Total: 1.950300 ms (FindLiveObjects: 0.227600 ms CreateObjectMapping: 0.038400 ms MarkObjects: 1.589700 ms  DeleteObjects: 0.093600 ms)

========================================================================
Received Prepare
Registering precompiled user dll's ...
Registered in 0.000752 seconds.
Begin MonoManager ReloadAssembly
Native extension for LinuxStandalone target not found
Native extension for WindowsStandalone target not found
Native extension for OSXStandalone target not found
Refreshing native plugins compatible for Editor in 0.44 ms, found 1 plugins.
Preloading 0 native plugins for Editor in 0.00 ms.
Invoked RoslynAnalysisRunner static constructor.
RoslynAnalysisRunner will not be running.
RoslynAnalysisRunner has terminated.
Mono: successfully reloaded assembly
- Completed reload, in  0.677 seconds
Platform modules already initialized, skipping
Refreshing native plugins compatible for Editor in 0.38 ms, found 1 plugins.
Preloading 0 native plugins for Editor in 0.00 ms.
Unloading 1788 Unused Serialized files (Serialized files now loaded: 0)
System memory in use before: 88.5 MB.
System memory in use after: 88.5 MB.

Unloading 12 unused Assets to reduce memory usage. Loaded Objects now: 2288.
Total: 3.102600 ms (FindLiveObjects: 0.369200 ms CreateObjectMapping: 0.059000 ms MarkObjects: 2.529000 ms  DeleteObjects: 0.144000 ms)

========================================================================
Received Prepare
Registering precompiled user dll's ...
Registered in 0.000928 seconds.
Begin MonoManager ReloadAssembly
Native extension for LinuxStandalone target not found
Native extension for WindowsStandalone target not found
Native extension for OSXStandalone target not found
Refreshing native plugins compatible for Editor in 0.38 ms, found 1 plugins.
Preloading 0 native plugins for Editor in 0.00 ms.
Invoked RoslynAnalysisRunner static constructor.
RoslynAnalysisRunner will not be running.
RoslynAnalysisRunner has terminated.
Mono: successfully reloaded assembly
- Completed reload, in  0.634 seconds
Platform modules already initialized, skipping
Refreshing native plugins compatible for Editor in 0.30 ms, found 1 plugins.
Preloading 0 native plugins for Editor in 0.00 ms.
Unloading 1788 Unused Serialized files (Serialized files now loaded: 0)
System memory in use before: 88.6 MB.
System memory in use after: 88.6 MB.

Unloading 12 unused Assets to reduce memory usage. Loaded Objects now: 2291.
Total: 2.191600 ms (FindLiveObjects: 0.184500 ms CreateObjectMapping: 0.046700 ms MarkObjects: 1.874300 ms  DeleteObjects: 0.085000 ms)

========================================================================
Received Import Request.
  Time since last request: 641.894903 seconds.
  path: Assets/Prefabs/Enemy.prefab
  artifactKey: Guid(33618d20a6499d049aa5ff142d79db31) Importer(815301076,1909f56bfc062723c751e8b465ee728b)
Start importing Assets/Prefabs/Enemy.prefab using Guid(33618d20a6499d049aa5ff142d79db31) Importer(815301076,1909f56bfc062723c751e8b465ee728b)  -> (artifact id: '2d69ccd07b1495d308b7cb9db0f002da') in 0.049590 seconds
  Import took 0.052490 seconds .

========================================================================
Received Prepare
Registering precompiled user dll's ...
Registered in 0.000735 seconds.
Begin MonoManager ReloadAssembly
Native extension for LinuxStandalone target not found
Native extension for WindowsStandalone target not found
Native extension for OSXStandalone target not found
Refreshing native plugins compatible for Editor in 0.30 ms, found 1 plugins.
Preloading 0 native plugins for Editor in 0.00 ms.
Invoked RoslynAnalysisRunner static constructor.
RoslynAnalysisRunner will not be running.
RoslynAnalysisRunner has terminated.
Mono: successfully reloaded assembly
- Completed reload, in  0.667 seconds
Platform modules already initialized, skipping
Refreshing native plugins compatible for Editor in 0.35 ms, found 1 plugins.
Preloading 0 native plugins for Editor in 0.00 ms.
Unloading 1788 Unused Serialized files (Serialized files now loaded: 0)
System memory in use before: 88.7 MB.
System memory in use after: 88.7 MB.

Unloading 12 unused Assets to reduce memory usage. Loaded Objects now: 2295.
Total: 2.115800 ms (FindLiveObjects: 0.233400 ms CreateObjectMapping: 0.039000 ms MarkObjects: 1.753400 ms  DeleteObjects: 0.088700 ms)

========================================================================
Received Prepare
Registering precompiled user dll's ...
Registered in 0.000814 seconds.
Begin MonoManager ReloadAssembly
Native extension for LinuxStandalone target not found
Native extension for WindowsStandalone target not found
Native extension for OSXStandalone target not found
Refreshing native plugins compatible for Editor in 0.39 ms, found 1 plugins.
Preloading 0 native plugins for Editor in 0.00 ms.
Invoked RoslynAnalysisRunner static constructor.
RoslynAnalysisRunner will not be running.
RoslynAnalysisRunner has terminated.
Mono: successfully reloaded assembly
- Completed reload, in  0.674 seconds
Platform modules already initialized, skipping
Refreshing native plugins compatible for Editor in 0.41 ms, found 1 plugins.
Preloading 0 native plugins for Editor in 0.00 ms.
Unloading 1788 Unused Serialized files (Serialized files now loaded: 0)
System memory in use before: 88.8 MB.
System memory in use after: 88.8 MB.

Unloading 12 unused Assets to reduce memory usage. Loaded Objects now: 2298.
Total: 2.739600 ms (FindLiveObjects: 0.358700 ms CreateObjectMapping: 0.065100 ms MarkObjects: 2.180600 ms  DeleteObjects: 0.134000 ms)

========================================================================
Received Import Request.
  Time since last request: 257.571718 seconds.
  path: Assets/Prefabs/Enemy.prefab
  artifactKey: Guid(33618d20a6499d049aa5ff142d79db31) Importer(815301076,1909f56bfc062723c751e8b465ee728b)
Start importing Assets/Prefabs/Enemy.prefab using Guid(33618d20a6499d049aa5ff142d79db31) Importer(815301076,1909f56bfc062723c751e8b465ee728b)  -> (artifact id: '0bbcb9ece9e8ce68cc52c8edf5e1667d') in 0.048000 seconds
  Import took 0.050859 seconds .

========================================================================
Received Prepare
Registering precompiled user dll's ...
Registered in 0.000742 seconds.
Begin MonoManager ReloadAssembly
Native extension for LinuxStandalone target not found
Native extension for WindowsStandalone target not found
Native extension for OSXStandalone target not found
Refreshing native plugins compatible for Editor in 0.38 ms, found 1 plugins.
Preloading 0 native plugins for Editor in 0.00 ms.
Invoked RoslynAnalysisRunner static constructor.
RoslynAnalysisRunner will not be running.
RoslynAnalysisRunner has terminated.
Mono: successfully reloaded assembly
- Completed reload, in  0.649 seconds
Platform modules already initialized, skipping
Refreshing native plugins compatible for Editor in 0.30 ms, found 1 plugins.
Preloading 0 native plugins for Editor in 0.00 ms.
Unloading 1788 Unused Serialized files (Serialized files now loaded: 0)
System memory in use before: 88.9 MB.
System memory in use after: 88.9 MB.

Unloading 12 unused Assets to reduce memory usage. Loaded Objects now: 2302.
Total: 2.017500 ms (FindLiveObjects: 0.189700 ms CreateObjectMapping: 0.041300 ms MarkObjects: 1.695600 ms  DeleteObjects: 0.090000 ms)

========================================================================
Received Prepare
Registering precompiled user dll's ...
Registered in 0.000744 seconds.
Begin MonoManager ReloadAssembly
Native extension for LinuxStandalone target not found
Native extension for WindowsStandalone target not found
Native extension for OSXStandalone target not found
Refreshing native plugins compatible for Editor in 0.38 ms, found 1 plugins.
Preloading 0 native plugins for Editor in 0.00 ms.
Invoked RoslynAnalysisRunner static constructor.
RoslynAnalysisRunner will not be running.
RoslynAnalysisRunner has terminated.
Mono: successfully reloaded assembly
- Completed reload, in  0.660 seconds
Platform modules already initialized, skipping
Refreshing native plugins compatible for Editor in 0.35 ms, found 1 plugins.
Preloading 0 native plugins for Editor in 0.00 ms.
Unloading 1788 Unused Serialized files (Serialized files now loaded: 0)
System memory in use before: 88.9 MB.
System memory in use after: 88.9 MB.

Unloading 12 unused Assets to reduce memory usage. Loaded Objects now: 2305.
Total: 1.693400 ms (FindLiveObjects: 0.207000 ms CreateObjectMapping: 0.041500 ms MarkObjects: 1.360900 ms  DeleteObjects: 0.083200 ms)

========================================================================
Received Prepare
Registering precompiled user dll's ...
Registered in 0.000802 seconds.
Begin MonoManager ReloadAssembly
Native extension for LinuxStandalone target not found
Native extension for WindowsStandalone target not found
Native extension for OSXStandalone target not found
Refreshing native plugins compatible for Editor in 0.38 ms, found 1 plugins.
Preloading 0 native plugins for Editor in 0.00 ms.
Invoked RoslynAnalysisRunner static constructor.
RoslynAnalysisRunner will not be running.
RoslynAnalysisRunner has terminated.
Mono: successfully reloaded assembly
- Completed reload, in  0.667 seconds
Platform modules already initialized, skipping
Refreshing native plugins compatible for Editor in 0.36 ms, found 1 plugins.
Preloading 0 native plugins for Editor in 0.00 ms.
Unloading 1788 Unused Serialized files (Serialized files now loaded: 0)
System memory in use before: 89.0 MB.
System memory in use after: 89.0 MB.

Unloading 12 unused Assets to reduce memory usage. Loaded Objects now: 2308.
Total: 1.920500 ms (FindLiveObjects: 0.209800 ms CreateObjectMapping: 0.037900 ms MarkObjects: 1.554800 ms  DeleteObjects: 0.117100 ms)

AssetImportWorkerClient::OnTransportError - code=2 error=End of file
