Using pre-set license
Built from '2020.2/release' branch; Version is '2020.2.2f1 (068178b99f32) revision 426360'; Using compiler version '192528614'; Build Type 'Release'
OS: 'Windows 10 Pro; OS build 19042.746; Version 2009; 64bit' Language: 'en' Physical Memory: 16292 MB
BatchMode: 1, IsHumanControllingUs: 0, StartBugReporterOnCrash: 0, Is64bit: 1, IsPro: 0

 COMMAND LINE ARGUMENTS:
D:\Games\Unity\2020.2.2f1\Editor\Unity.exe
-adb2
-batchMode
-noUpm
-name
AssetImportWorker0
-projectPath
C:/Projects/Unity Tutorials/plantsVsZombies
-logFile
Logs/AssetImportWorker0.log
-srvPort
52944
Successfully changed project path to: C:/Projects/Unity Tutorials/plantsVsZombies
C:/Projects/Unity Tutorials/plantsVsZombies
Using Asset Import Pipeline V2.
Refreshing native plugins compatible for Editor in 30.53 ms, found 1 plugins.
Preloading 0 native plugins for Editor in 0.00 ms.
Initialize engine version: 2020.2.2f1 (068178b99f32)
[Subsystems] Discovering subsystems at path D:/Games/Unity/2020.2.2f1/Editor/Data/Resources/UnitySubsystems
[Subsystems] Discovering subsystems at path C:/Projects/Unity Tutorials/plantsVsZombies/Assets
GfxDevice: creating device client; threaded=0
Direct3D:
    Version:  Direct3D 11.0 [level 11.1]
    Renderer: NVIDIA GeForce RTX 3080 (ID=0x2206)
    Vendor:   
    VRAM:     10078 MB
    Driver:   27.21.14.6109
Initialize mono
Mono path[0] = 'D:/Games/Unity/2020.2.2f1/Editor/Data/Managed'
Mono path[1] = 'D:/Games/Unity/2020.2.2f1/Editor/Data/MonoBleedingEdge/lib/mono/unityjit'
Mono config path = 'D:/Games/Unity/2020.2.2f1/Editor/Data/MonoBleedingEdge/etc'
Using monoOptions --debugger-agent=transport=dt_socket,embedding=1,server=y,suspend=n,address=127.0.0.1:56244
Begin MonoManager ReloadAssembly
Registering precompiled unity dll's ...
Register platform support module: D:/Games/Unity/2020.2.2f1/Editor/Data/PlaybackEngines/WindowsStandaloneSupport/UnityEditor.WindowsStandalone.Extensions.dll
Registered in 0.000814 seconds.
Native extension for WindowsStandalone target not found
Refreshing native plugins compatible for Editor in 30.75 ms, found 1 plugins.
Preloading 0 native plugins for Editor in 0.00 ms.
Invoked RoslynAnalysisRunner static constructor.
RoslynAnalysisRunner will not be running.
RoslynAnalysisRunner has terminated.
Mono: successfully reloaded assembly
- Completed reload, in  0.669 seconds
Platform modules already initialized, skipping
Registering precompiled user dll's ...
Registered in 0.000622 seconds.
Begin MonoManager ReloadAssembly
Native extension for WindowsStandalone target not found
Refreshing native plugins compatible for Editor in 31.05 ms, found 1 plugins.
Preloading 0 native plugins for Editor in 0.00 ms.
Invoked RoslynAnalysisRunner static constructor.
RoslynAnalysisRunner will not be running.
RoslynAnalysisRunner has terminated.
Mono: successfully reloaded assembly
- Completed reload, in  0.711 seconds
Platform modules already initialized, skipping
========================================================================
Worker process is ready to serve import requests
Launched and connected shader compiler UnityShaderCompiler.exe after 0.06 seconds
Refreshing native plugins compatible for Editor in 0.34 ms, found 1 plugins.
Preloading 0 native plugins for Editor in 0.00 ms.
Unloading 1789 Unused Serialized files (Serialized files now loaded: 0)
System memory in use before: 84.1 MB.
System memory in use after: 84.1 MB.

Unloading 19 unused Assets to reduce memory usage. Loaded Objects now: 2235.
Total: 1.776500 ms (FindLiveObjects: 0.257600 ms CreateObjectMapping: 0.059200 ms MarkObjects: 1.406600 ms  DeleteObjects: 0.051800 ms)

========================================================================
Received Import Request.
  path: Assets/Scenes
  artifactKey: Guid(acd0009506d0bcc4d930f6ff237dcb86) Importer(815301076,1909f56bfc062723c751e8b465ee728b)
Start importing Assets/Scenes using Guid(acd0009506d0bcc4d930f6ff237dcb86) Importer(815301076,1909f56bfc062723c751e8b465ee728b)  -> (artifact id: '10d2ef48723eb5d1c96b7648bfbb2dcc') in 0.008215 seconds
  Import took 0.010704 seconds .

========================================================================
Received Import Request.
  Time since last request: 0.000142 seconds.
  path: Assets/Scenes/SampleScene.unity
  artifactKey: Guid(2cda990e2423bbf4892e6590ba056729) Importer(815301076,1909f56bfc062723c751e8b465ee728b)
Start importing Assets/Scenes/SampleScene.unity using Guid(2cda990e2423bbf4892e6590ba056729) Importer(815301076,1909f56bfc062723c751e8b465ee728b)  -> (artifact id: '5ca2e78b84dda54995274fd4149b2f31') in 0.011523 seconds
  Import took 0.013998 seconds .

========================================================================
Received Import Request.
  Time since last request: 5.148924 seconds.
  path: Assets/Scenes/SplashScreen.unity
  artifactKey: Guid(2cda990e2423bbf4892e6590ba056729) Importer(815301076,1909f56bfc062723c751e8b465ee728b)
Start importing Assets/Scenes/SplashScreen.unity using Guid(2cda990e2423bbf4892e6590ba056729) Importer(815301076,1909f56bfc062723c751e8b465ee728b)  -> (artifact id: '3de83bbde25ed22fbbcf766590389588') in 0.006177 seconds
  Import took 0.008897 seconds .

========================================================================
Received Import Request.
  Time since last request: 89.833702 seconds.
  path: Assets/Images
  artifactKey: Guid(03b30ca54e1c41345847e292cc3c341b) Importer(815301076,1909f56bfc062723c751e8b465ee728b)
Start importing Assets/Images using Guid(03b30ca54e1c41345847e292cc3c341b) Importer(815301076,1909f56bfc062723c751e8b465ee728b)  -> (artifact id: 'aa925a1c61a0872d13ed6f9d69e9fa73') in 0.005749 seconds
  Import took 0.009078 seconds .

========================================================================
Received Import Request.
  Time since last request: 76.825734 seconds.
  path: Assets/Images/glitch-homepage-1920x1080.jpeg
  artifactKey: Guid(6a1b3094ec50a2b4d83aca8644251bb8) Importer(815301076,1909f56bfc062723c751e8b465ee728b)
Start importing Assets/Images/glitch-homepage-1920x1080.jpeg using Guid(6a1b3094ec50a2b4d83aca8644251bb8) Importer(815301076,1909f56bfc062723c751e8b465ee728b)  -> (artifact id: 'c08bd98b838b6099f57d75b8207d6e6a') in 0.124158 seconds
  Import took 0.126954 seconds .

========================================================================
Received Import Request.
  Time since last request: 0.000159 seconds.
  path: Assets/Images/Glitch_Yoga_Frog_1920x1080_2.jpg
  artifactKey: Guid(e84a590fb6a132e428235cb19bd2f752) Importer(815301076,1909f56bfc062723c751e8b465ee728b)
Start importing Assets/Images/Glitch_Yoga_Frog_1920x1080_2.jpg using Guid(e84a590fb6a132e428235cb19bd2f752) Importer(815301076,1909f56bfc062723c751e8b465ee728b)  -> (artifact id: '1632b27719bdf3585c4c776cca011ba7') in 0.020333 seconds
  Import took 0.022770 seconds .

========================================================================
Received Import Request.
  Time since last request: 16.336580 seconds.
  path: Assets/Images/Splash Image.jpeg
  artifactKey: Guid(6a1b3094ec50a2b4d83aca8644251bb8) Importer(815301076,1909f56bfc062723c751e8b465ee728b)
Start importing Assets/Images/Splash Image.jpeg using Guid(6a1b3094ec50a2b4d83aca8644251bb8) Importer(815301076,1909f56bfc062723c751e8b465ee728b)  -> (artifact id: 'ad81f603c86ab82829cec2e9a782b033') in 0.018011 seconds
  Import took 0.021453 seconds .

========================================================================
Received Import Request.
  Time since last request: 0.000742 seconds.
  path: Assets/Images/Splash Image.jpeg
  artifactKey: Guid(6a1b3094ec50a2b4d83aca8644251bb8) Importer(815301076,1909f56bfc062723c751e8b465ee728b)
Start importing Assets/Images/Splash Image.jpeg using Guid(6a1b3094ec50a2b4d83aca8644251bb8) Importer(815301076,1909f56bfc062723c751e8b465ee728b)  -> (artifact id: 'ad81f603c86ab82829cec2e9a782b033') in 0.021358 seconds
  Import took 0.024053 seconds .

========================================================================
Received Import Request.
  Time since last request: 6.998306 seconds.
  path: Assets/Images/Start Screen Image.jpg
  artifactKey: Guid(e84a590fb6a132e428235cb19bd2f752) Importer(815301076,1909f56bfc062723c751e8b465ee728b)
Start importing Assets/Images/Start Screen Image.jpg using Guid(e84a590fb6a132e428235cb19bd2f752) Importer(815301076,1909f56bfc062723c751e8b465ee728b)  -> (artifact id: '93be84b02ae17206380bc908283b67c8') in 0.025874 seconds
  Import took 0.028649 seconds .

========================================================================
Received Import Request.
  Time since last request: 635.530857 seconds.
  path: Assets/Audio/game_loaded_2.mp3
  artifactKey: Guid(ddb6edeef63e7e447950f9ef22cb0bb2) Importer(815301076,1909f56bfc062723c751e8b465ee728b)
Start importing Assets/Audio/game_loaded_2.mp3 using Guid(ddb6edeef63e7e447950f9ef22cb0bb2) Importer(815301076,1909f56bfc062723c751e8b465ee728b)  -> (artifact id: '7eefa68f8463c776a7670b0e33ff22d6') in 0.040553 seconds
  Import took 0.043385 seconds .

========================================================================
Received Import Request.
  Time since last request: 0.000158 seconds.
  path: Assets/Audio/quest_complete.mp3
  artifactKey: Guid(077c5ff9509b5fe47a19c783e4c6184c) Importer(815301076,1909f56bfc062723c751e8b465ee728b)
Start importing Assets/Audio/quest_complete.mp3 using Guid(077c5ff9509b5fe47a19c783e4c6184c) Importer(815301076,1909f56bfc062723c751e8b465ee728b)  -> (artifact id: 'df08005810f808670169b7eaf58f0d32') in 0.016793 seconds
  Import took 0.019393 seconds .

========================================================================
Received Import Request.
  Time since last request: 0.000176 seconds.
  path: Assets/Audio/Spooky_Groddle_1291879214.mp3
  artifactKey: Guid(c3b312bf712a3ff4080401294d1a836c) Importer(815301076,1909f56bfc062723c751e8b465ee728b)
Start importing Assets/Audio/Spooky_Groddle_1291879214.mp3 using Guid(c3b312bf712a3ff4080401294d1a836c) Importer(815301076,1909f56bfc062723c751e8b465ee728b)  -> (artifact id: 'b8a8e951fdf00da89e42ad1e59be84db') in 0.016223 seconds
  Import took 0.018856 seconds .

========================================================================
Received Import Request.
  Time since last request: 0.000163 seconds.
  path: Assets/Audio/moon_music_1344997839.mp3
  artifactKey: Guid(1ef85ed038006be428e31b225f6d149e) Importer(815301076,1909f56bfc062723c751e8b465ee728b)
Start importing Assets/Audio/moon_music_1344997839.mp3 using Guid(1ef85ed038006be428e31b225f6d149e) Importer(815301076,1909f56bfc062723c751e8b465ee728b)  -> (artifact id: 'e20da9ba397b48299c5485e721cae93f') in 0.014512 seconds
  Import took 0.016915 seconds .

========================================================================
Received Import Request.
  Time since last request: 0.002050 seconds.
  path: Assets/Audio/moon_music_1344997839.mp3
  artifactKey: Guid(1ef85ed038006be428e31b225f6d149e) Importer(815301076,1909f56bfc062723c751e8b465ee728b)
Start importing Assets/Audio/moon_music_1344997839.mp3 using Guid(1ef85ed038006be428e31b225f6d149e) Importer(815301076,1909f56bfc062723c751e8b465ee728b)  -> (artifact id: 'e20da9ba397b48299c5485e721cae93f') in 0.012424 seconds
  Import took 0.015477 seconds .

========================================================================
Received Import Request.
  Time since last request: 126.494821 seconds.
  path: Assets/Scenes/SplashScreen.unity
  artifactKey: Guid(2cda990e2423bbf4892e6590ba056729) Importer(815301076,1909f56bfc062723c751e8b465ee728b)
Start importing Assets/Scenes/SplashScreen.unity using Guid(2cda990e2423bbf4892e6590ba056729) Importer(815301076,1909f56bfc062723c751e8b465ee728b)  -> (artifact id: 'fcc4ceb37c90eb7d6d977bd10c37d12c') in 0.006687 seconds
  Import took 0.009324 seconds .

========================================================================
Received Import Request.
  Time since last request: 3.630324 seconds.
  path: Assets/Scenes/SplashScreen 1.unity
  artifactKey: Guid(ab397da32fa73c044819eb621f308866) Importer(815301076,1909f56bfc062723c751e8b465ee728b)
Start importing Assets/Scenes/SplashScreen 1.unity using Guid(ab397da32fa73c044819eb621f308866) Importer(815301076,1909f56bfc062723c751e8b465ee728b)  -> (artifact id: '5c689437d997478555d4a879cf9fd1a7') in 0.006517 seconds
  Import took 0.009262 seconds .

========================================================================
Received Import Request.
  Time since last request: 0.002667 seconds.
  path: Assets/Scenes/SplashScreen 1.unity
  artifactKey: Guid(ab397da32fa73c044819eb621f308866) Importer(815301076,1909f56bfc062723c751e8b465ee728b)
Start importing Assets/Scenes/SplashScreen 1.unity using Guid(ab397da32fa73c044819eb621f308866) Importer(815301076,1909f56bfc062723c751e8b465ee728b)  -> (artifact id: '5c689437d997478555d4a879cf9fd1a7') in 0.002511 seconds
  Import took 0.005283 seconds .

========================================================================
Received Import Request.
  Time since last request: 6.818717 seconds.
  path: Assets/Scenes/Start Screen.unity
  artifactKey: Guid(2cda990e2423bbf4892e6590ba056729) Importer(815301076,1909f56bfc062723c751e8b465ee728b)
Start importing Assets/Scenes/Start Screen.unity using Guid(2cda990e2423bbf4892e6590ba056729) Importer(815301076,1909f56bfc062723c751e8b465ee728b)  -> (artifact id: 'c086f709d36cfbc59d7e6bd7d8a44037') in 0.006994 seconds
  Import took 0.009931 seconds .

========================================================================
Received Prepare
Registering precompiled user dll's ...
Registered in 0.000724 seconds.
Begin MonoManager ReloadAssembly
Native extension for WindowsStandalone target not found
Refreshing native plugins compatible for Editor in 0.37 ms, found 1 plugins.
Preloading 0 native plugins for Editor in 0.00 ms.
Invoked RoslynAnalysisRunner static constructor.
RoslynAnalysisRunner will not be running.
RoslynAnalysisRunner has terminated.
Mono: successfully reloaded assembly
- Completed reload, in  0.654 seconds
Platform modules already initialized, skipping
Refreshing native plugins compatible for Editor in 0.36 ms, found 1 plugins.
Preloading 0 native plugins for Editor in 0.00 ms.
Unloading 1780 Unused Serialized files (Serialized files now loaded: 0)
System memory in use before: 86.9 MB.
System memory in use after: 87.0 MB.

Unloading 7 unused Assets to reduce memory usage. Loaded Objects now: 2251.
Total: 1.668100 ms (FindLiveObjects: 0.219600 ms CreateObjectMapping: 0.037100 ms MarkObjects: 1.398900 ms  DeleteObjects: 0.011800 ms)

========================================================================
Received Import Request.
  Time since last request: 158.319157 seconds.
  path: Assets
  artifactKey: Guid(00000000000000001000000000000000) Importer(815301076,1909f56bfc062723c751e8b465ee728b)
Start importing Assets using Guid(00000000000000001000000000000000) Importer(815301076,1909f56bfc062723c751e8b465ee728b)  -> (artifact id: '1954ee962e8fa2eef2d1adca6d661b84') in 0.009313 seconds
  Import took 0.012027 seconds .

========================================================================
Received Import Request.
  Time since last request: 3.959389 seconds.
  path: Assets/Scripts
  artifactKey: Guid(168e747e18c319f4489741ed4220ae1c) Importer(815301076,1909f56bfc062723c751e8b465ee728b)
Start importing Assets/Scripts using Guid(168e747e18c319f4489741ed4220ae1c) Importer(815301076,1909f56bfc062723c751e8b465ee728b)  -> (artifact id: 'e8cd89eede7ad405a04a1aff080b6d22') in 0.005982 seconds
  Import took 0.008523 seconds .

========================================================================
Received Prepare
Registering precompiled user dll's ...
Registered in 0.000728 seconds.
Begin MonoManager ReloadAssembly
Native extension for WindowsStandalone target not found
Refreshing native plugins compatible for Editor in 0.33 ms, found 1 plugins.
Preloading 0 native plugins for Editor in 0.00 ms.
Invoked RoslynAnalysisRunner static constructor.
RoslynAnalysisRunner will not be running.
RoslynAnalysisRunner has terminated.
Mono: successfully reloaded assembly
- Completed reload, in  0.669 seconds
Platform modules already initialized, skipping
Refreshing native plugins compatible for Editor in 0.33 ms, found 1 plugins.
Preloading 0 native plugins for Editor in 0.00 ms.
Unloading 1780 Unused Serialized files (Serialized files now loaded: 0)
System memory in use before: 87.0 MB.
System memory in use after: 87.1 MB.

Unloading 7 unused Assets to reduce memory usage. Loaded Objects now: 2254.
Total: 1.781200 ms (FindLiveObjects: 0.176200 ms CreateObjectMapping: 0.040300 ms MarkObjects: 1.552100 ms  DeleteObjects: 0.011800 ms)

========================================================================
Received Import Request.
  Time since last request: 12.473095 seconds.
  path: Assets/Scripts/LevelLoader.cs
  artifactKey: Guid(cbf55ab3b4c883b4dade2e859a385864) Importer(815301076,1909f56bfc062723c751e8b465ee728b)
Start importing Assets/Scripts/LevelLoader.cs using Guid(cbf55ab3b4c883b4dade2e859a385864) Importer(815301076,1909f56bfc062723c751e8b465ee728b)  -> (artifact id: 'a67d6589a9709d271439350d13198cab') in 0.018890 seconds
  Import took 0.021679 seconds .

========================================================================
Received Prepare
Registering precompiled user dll's ...
Registered in 0.000825 seconds.
Begin MonoManager ReloadAssembly
Native extension for WindowsStandalone target not found
Refreshing native plugins compatible for Editor in 0.36 ms, found 1 plugins.
Preloading 0 native plugins for Editor in 0.00 ms.
Invoked RoslynAnalysisRunner static constructor.
RoslynAnalysisRunner will not be running.
RoslynAnalysisRunner has terminated.
Mono: successfully reloaded assembly
- Completed reload, in  0.702 seconds
Platform modules already initialized, skipping
Refreshing native plugins compatible for Editor in 0.42 ms, found 1 plugins.
Preloading 0 native plugins for Editor in 0.00 ms.
Unloading 1780 Unused Serialized files (Serialized files now loaded: 0)
System memory in use before: 87.1 MB.
System memory in use after: 87.2 MB.

Unloading 7 unused Assets to reduce memory usage. Loaded Objects now: 2257.
Total: 1.694600 ms (FindLiveObjects: 0.222600 ms CreateObjectMapping: 0.038500 ms MarkObjects: 1.420100 ms  DeleteObjects: 0.012200 ms)

========================================================================
Received Import Request.
  Time since last request: 74.437758 seconds.
  path: Assets/Scripts/LevelLoader.cs
  artifactKey: Guid(cbf55ab3b4c883b4dade2e859a385864) Importer(815301076,1909f56bfc062723c751e8b465ee728b)
Start importing Assets/Scripts/LevelLoader.cs using Guid(cbf55ab3b4c883b4dade2e859a385864) Importer(815301076,1909f56bfc062723c751e8b465ee728b)  -> (artifact id: '9f63f9f1dc90a60b2e1d3a21dadf81be') in 0.005049 seconds
  Import took 0.007991 seconds .

========================================================================
Received Prepare
Registering precompiled user dll's ...
Registered in 0.001101 seconds.
Begin MonoManager ReloadAssembly
Native extension for WindowsStandalone target not found
Refreshing native plugins compatible for Editor in 0.33 ms, found 1 plugins.
Preloading 0 native plugins for Editor in 0.00 ms.
Invoked RoslynAnalysisRunner static constructor.
RoslynAnalysisRunner will not be running.
RoslynAnalysisRunner has terminated.
Mono: successfully reloaded assembly
- Completed reload, in  0.672 seconds
Platform modules already initialized, skipping
Refreshing native plugins compatible for Editor in 0.36 ms, found 1 plugins.
Preloading 0 native plugins for Editor in 0.00 ms.
Unloading 1780 Unused Serialized files (Serialized files now loaded: 0)
System memory in use before: 87.2 MB.
System memory in use after: 87.3 MB.

Unloading 7 unused Assets to reduce memory usage. Loaded Objects now: 2260.
Total: 1.850600 ms (FindLiveObjects: 0.273000 ms CreateObjectMapping: 0.041300 ms MarkObjects: 1.523100 ms  DeleteObjects: 0.012300 ms)

========================================================================
Received Import Request.
  Time since last request: 266.017210 seconds.
  path: Assets/Prefabs
  artifactKey: Guid(5e0880f3b2faaee4b8e116ce9977df1f) Importer(815301076,1909f56bfc062723c751e8b465ee728b)
Start importing Assets/Prefabs using Guid(5e0880f3b2faaee4b8e116ce9977df1f) Importer(815301076,1909f56bfc062723c751e8b465ee728b)  -> (artifact id: '45cb57ab79e955f8f02dd3a883c1e0a1') in 0.008674 seconds
  Import took 0.011505 seconds .

========================================================================
Received Import Request.
  Time since last request: 7.164516 seconds.
  path: Assets/Prefabs/Level Loader.prefab
  artifactKey: Guid(e26eae9a2441ff749923a4fa2c0ad93e) Importer(815301076,1909f56bfc062723c751e8b465ee728b)
Start importing Assets/Prefabs/Level Loader.prefab using Guid(e26eae9a2441ff749923a4fa2c0ad93e) Importer(815301076,1909f56bfc062723c751e8b465ee728b)  -> (artifact id: '8eaea1a4626fe1631563b7dc7ddb22d6') in 0.024672 seconds
  Import took 0.027438 seconds .

========================================================================
Received Import Request.
  Time since last request: 0.001870 seconds.
  path: Assets/Prefabs/Level Loader.prefab
  artifactKey: Guid(e26eae9a2441ff749923a4fa2c0ad93e) Importer(815301076,1909f56bfc062723c751e8b465ee728b)
Start importing Assets/Prefabs/Level Loader.prefab using Guid(e26eae9a2441ff749923a4fa2c0ad93e) Importer(815301076,1909f56bfc062723c751e8b465ee728b)  -> (artifact id: '8eaea1a4626fe1631563b7dc7ddb22d6') in 0.003928 seconds
  Import took 0.006812 seconds .

========================================================================
Received Import Request.
  Time since last request: 61.052810 seconds.
  path: Assets/Scenes/Start Screen.unity
  artifactKey: Guid(2cda990e2423bbf4892e6590ba056729) Importer(815301076,1909f56bfc062723c751e8b465ee728b)
Start importing Assets/Scenes/Start Screen.unity using Guid(2cda990e2423bbf4892e6590ba056729) Importer(815301076,1909f56bfc062723c751e8b465ee728b)  -> (artifact id: 'de71783d23f3e0681d478ec451ad8574') in 0.003102 seconds
  Import took 0.006181 seconds .

========================================================================
Received Import Request.
  Time since last request: 11.638181 seconds.
  path: Assets/Spritesheets/Axe.png
  artifactKey: Guid(3cf644e878b3d6d4591ecaf3555f2e31) Importer(815301076,1909f56bfc062723c751e8b465ee728b)
Start importing Assets/Spritesheets/Axe.png using Guid(3cf644e878b3d6d4591ecaf3555f2e31) Importer(815301076,1909f56bfc062723c751e8b465ee728b)  -> (artifact id: 'c71bd58c861993d6560697079fdd81e7') in 0.039166 seconds
  Import took 0.042015 seconds .

========================================================================
Received Import Request.
  Time since last request: 0.000165 seconds.
  path: Assets/Spritesheets/Bundle Of Joy Walking.png
  artifactKey: Guid(2c4a5aa63dda67c46a5b0f9d9d7de192) Importer(815301076,1909f56bfc062723c751e8b465ee728b)
Start importing Assets/Spritesheets/Bundle Of Joy Walking.png using Guid(2c4a5aa63dda67c46a5b0f9d9d7de192) Importer(815301076,1909f56bfc062723c751e8b465ee728b)  -> (artifact id: 'eedcb1511f3c5cecc9760ada1ef93149') in 0.033878 seconds
  Import took 0.036794 seconds .

========================================================================
Received Import Request.
  Time since last request: 0.000212 seconds.
  path: Assets/Spritesheets/Batterfly Flying.png
  artifactKey: Guid(96824e53f915ac34b9d335dcdb58951d) Importer(815301076,1909f56bfc062723c751e8b465ee728b)
Start importing Assets/Spritesheets/Batterfly Flying.png using Guid(96824e53f915ac34b9d335dcdb58951d) Importer(815301076,1909f56bfc062723c751e8b465ee728b)  -> (artifact id: '0ecebdc0778528e3efb38a139b307d5e') in 0.030438 seconds
  Import took 0.033234 seconds .

========================================================================
Received Import Request.
  Time since last request: 0.000148 seconds.
  path: Assets/Spritesheets/Cactus Idle.png
  artifactKey: Guid(ee3d7f82cbbc19240b4d2d06631afc16) Importer(815301076,1909f56bfc062723c751e8b465ee728b)
Start importing Assets/Spritesheets/Cactus Idle.png using Guid(ee3d7f82cbbc19240b4d2d06631afc16) Importer(815301076,1909f56bfc062723c751e8b465ee728b)  -> (artifact id: '9b0964dc1a3f11d70b9455196a8da187') in 0.030351 seconds
  Import took 0.033297 seconds .

========================================================================
Received Import Request.
  Time since last request: 0.002595 seconds.
  path: Assets/Spritesheets/Cactus Idle.png
  artifactKey: Guid(ee3d7f82cbbc19240b4d2d06631afc16) Importer(815301076,1909f56bfc062723c751e8b465ee728b)
Start importing Assets/Spritesheets/Cactus Idle.png using Guid(ee3d7f82cbbc19240b4d2d06631afc16) Importer(815301076,1909f56bfc062723c751e8b465ee728b)  -> (artifact id: '9b0964dc1a3f11d70b9455196a8da187') in 0.024226 seconds
  Import took 0.027414 seconds .

========================================================================
Received Prepare
Registering precompiled user dll's ...
Registered in 0.000803 seconds.
Begin MonoManager ReloadAssembly
Native extension for WindowsStandalone target not found
Refreshing native plugins compatible for Editor in 0.34 ms, found 1 plugins.
Preloading 0 native plugins for Editor in 0.00 ms.
Invoked RoslynAnalysisRunner static constructor.
RoslynAnalysisRunner will not be running.
RoslynAnalysisRunner has terminated.
Mono: successfully reloaded assembly
- Completed reload, in  0.704 seconds
Platform modules already initialized, skipping
Refreshing native plugins compatible for Editor in 0.41 ms, found 1 plugins.
Preloading 0 native plugins for Editor in 0.00 ms.
Unloading 1780 Unused Serialized files (Serialized files now loaded: 0)
System memory in use before: 87.3 MB.
System memory in use after: 87.4 MB.

Unloading 7 unused Assets to reduce memory usage. Loaded Objects now: 2272.
Total: 1.859800 ms (FindLiveObjects: 0.206400 ms CreateObjectMapping: 0.039400 ms MarkObjects: 1.600700 ms  DeleteObjects: 0.012400 ms)

========================================================================
Received Import Request.
  Time since last request: 53.185530 seconds.
  path: Assets/Scenes/SplashScreen 1.unity
  artifactKey: Guid(ab397da32fa73c044819eb621f308866) Importer(815301076,1909f56bfc062723c751e8b465ee728b)
Start importing Assets/Scenes/SplashScreen 1.unity using Guid(ab397da32fa73c044819eb621f308866) Importer(815301076,1909f56bfc062723c751e8b465ee728b)  -> (artifact id: '32eac7393859009afc567523deb9f8e3') in 0.010820 seconds
  Import took 0.015991 seconds .

========================================================================
Received Prepare
Registering precompiled user dll's ...
Registered in 0.001089 seconds.
Begin MonoManager ReloadAssembly
Native extension for WindowsStandalone target not found
Refreshing native plugins compatible for Editor in 0.35 ms, found 1 plugins.
Preloading 0 native plugins for Editor in 0.00 ms.
Invoked RoslynAnalysisRunner static constructor.
RoslynAnalysisRunner will not be running.
RoslynAnalysisRunner has terminated.
Mono: successfully reloaded assembly
- Completed reload, in  0.676 seconds
Platform modules already initialized, skipping
Refreshing native plugins compatible for Editor in 0.39 ms, found 1 plugins.
Preloading 0 native plugins for Editor in 0.00 ms.
Unloading 1780 Unused Serialized files (Serialized files now loaded: 0)
System memory in use before: 87.4 MB.
System memory in use after: 87.5 MB.

Unloading 7 unused Assets to reduce memory usage. Loaded Objects now: 2275.
Total: 2.724700 ms (FindLiveObjects: 0.487400 ms CreateObjectMapping: 0.087800 ms MarkObjects: 2.123500 ms  DeleteObjects: 0.023700 ms)

========================================================================
Received Import Request.
  Time since last request: 56.538172 seconds.
  path: Assets/Scenes/Start Screen.unity
  artifactKey: Guid(2cda990e2423bbf4892e6590ba056729) Importer(815301076,1909f56bfc062723c751e8b465ee728b)
Start importing Assets/Scenes/Start Screen.unity using Guid(2cda990e2423bbf4892e6590ba056729) Importer(815301076,1909f56bfc062723c751e8b465ee728b)  -> (artifact id: '91c84d76ebd874de5ba523f6575621a9') in 0.016088 seconds
  Import took 0.018922 seconds .

========================================================================
Received Prepare
Registering precompiled user dll's ...
Registered in 0.001100 seconds.
Begin MonoManager ReloadAssembly
Native extension for WindowsStandalone target not found
Refreshing native plugins compatible for Editor in 0.33 ms, found 1 plugins.
Preloading 0 native plugins for Editor in 0.00 ms.
Invoked RoslynAnalysisRunner static constructor.
RoslynAnalysisRunner will not be running.
RoslynAnalysisRunner has terminated.
Mono: successfully reloaded assembly
- Completed reload, in  0.646 seconds
Platform modules already initialized, skipping
Refreshing native plugins compatible for Editor in 0.32 ms, found 1 plugins.
Preloading 0 native plugins for Editor in 0.00 ms.
Unloading 1780 Unused Serialized files (Serialized files now loaded: 0)
System memory in use before: 87.5 MB.
System memory in use after: 87.6 MB.

Unloading 7 unused Assets to reduce memory usage. Loaded Objects now: 2278.
Total: 1.732300 ms (FindLiveObjects: 0.183400 ms CreateObjectMapping: 0.039100 ms MarkObjects: 1.496400 ms  DeleteObjects: 0.012400 ms)

========================================================================
Received Prepare
Registering precompiled user dll's ...
Registered in 0.001090 seconds.
Begin MonoManager ReloadAssembly
Native extension for WindowsStandalone target not found
Refreshing native plugins compatible for Editor in 0.36 ms, found 1 plugins.
Preloading 0 native plugins for Editor in 0.00 ms.
Invoked RoslynAnalysisRunner static constructor.
RoslynAnalysisRunner will not be running.
RoslynAnalysisRunner has terminated.
Mono: successfully reloaded assembly
- Completed reload, in  0.685 seconds
Platform modules already initialized, skipping
Refreshing native plugins compatible for Editor in 0.34 ms, found 1 plugins.
Preloading 0 native plugins for Editor in 0.00 ms.
Unloading 1780 Unused Serialized files (Serialized files now loaded: 0)
System memory in use before: 87.6 MB.
System memory in use after: 87.7 MB.

Unloading 7 unused Assets to reduce memory usage. Loaded Objects now: 2281.
Total: 2.091400 ms (FindLiveObjects: 0.318800 ms CreateObjectMapping: 0.055900 ms MarkObjects: 1.701600 ms  DeleteObjects: 0.014000 ms)

========================================================================
Received Import Request.
  Time since last request: 111.998947 seconds.
  path: Assets/Scenes/SplashScreen 1.unity
  artifactKey: Guid(ab397da32fa73c044819eb621f308866) Importer(815301076,1909f56bfc062723c751e8b465ee728b)
Start importing Assets/Scenes/SplashScreen 1.unity using Guid(ab397da32fa73c044819eb621f308866) Importer(815301076,1909f56bfc062723c751e8b465ee728b)  -> (artifact id: '86eb27e00bef3378fa54911a51897558') in 0.010110 seconds
  Import took 0.012912 seconds .

========================================================================
Received Prepare
Registering precompiled user dll's ...
Registered in 0.000696 seconds.
Begin MonoManager ReloadAssembly
Native extension for WindowsStandalone target not found
Refreshing native plugins compatible for Editor in 0.34 ms, found 1 plugins.
Preloading 0 native plugins for Editor in 0.00 ms.
Invoked RoslynAnalysisRunner static constructor.
RoslynAnalysisRunner will not be running.
RoslynAnalysisRunner has terminated.
Mono: successfully reloaded assembly
- Completed reload, in  0.639 seconds
Platform modules already initialized, skipping
Refreshing native plugins compatible for Editor in 0.37 ms, found 1 plugins.
Preloading 0 native plugins for Editor in 0.00 ms.
Unloading 1780 Unused Serialized files (Serialized files now loaded: 0)
System memory in use before: 87.7 MB.
System memory in use after: 87.8 MB.

Unloading 7 unused Assets to reduce memory usage. Loaded Objects now: 2284.
Total: 1.905300 ms (FindLiveObjects: 0.205900 ms CreateObjectMapping: 0.038900 ms MarkObjects: 1.643300 ms  DeleteObjects: 0.016200 ms)

========================================================================
Received Prepare
Registering precompiled user dll's ...
Registered in 0.000721 seconds.
Begin MonoManager ReloadAssembly
Native extension for WindowsStandalone target not found
Refreshing native plugins compatible for Editor in 0.34 ms, found 1 plugins.
Preloading 0 native plugins for Editor in 0.00 ms.
Invoked RoslynAnalysisRunner static constructor.
RoslynAnalysisRunner will not be running.
RoslynAnalysisRunner has terminated.
Mono: successfully reloaded assembly
- Completed reload, in  0.678 seconds
Platform modules already initialized, skipping
Refreshing native plugins compatible for Editor in 0.41 ms, found 1 plugins.
Preloading 0 native plugins for Editor in 0.00 ms.
Unloading 1780 Unused Serialized files (Serialized files now loaded: 0)
System memory in use before: 87.8 MB.
System memory in use after: 87.9 MB.

Unloading 7 unused Assets to reduce memory usage. Loaded Objects now: 2287.
Total: 1.907900 ms (FindLiveObjects: 0.287100 ms CreateObjectMapping: 0.053400 ms MarkObjects: 1.548900 ms  DeleteObjects: 0.017500 ms)

========================================================================
Received Prepare
Registering precompiled user dll's ...
Registered in 0.000877 seconds.
Begin MonoManager ReloadAssembly
Native extension for WindowsStandalone target not found
Refreshing native plugins compatible for Editor in 0.41 ms, found 1 plugins.
Preloading 0 native plugins for Editor in 0.00 ms.
Invoked RoslynAnalysisRunner static constructor.
RoslynAnalysisRunner will not be running.
RoslynAnalysisRunner has terminated.
Mono: successfully reloaded assembly
- Completed reload, in  0.725 seconds
Platform modules already initialized, skipping
Refreshing native plugins compatible for Editor in 0.34 ms, found 1 plugins.
Preloading 0 native plugins for Editor in 0.00 ms.
Unloading 1780 Unused Serialized files (Serialized files now loaded: 0)
System memory in use before: 87.8 MB.
System memory in use after: 88.0 MB.

Unloading 7 unused Assets to reduce memory usage. Loaded Objects now: 2290.
Total: 1.852400 ms (FindLiveObjects: 0.178400 ms CreateObjectMapping: 0.039200 ms MarkObjects: 1.596700 ms  DeleteObjects: 0.037100 ms)

========================================================================
Received Import Request.
  Time since last request: 23245.345742 seconds.
  path: Assets/Scenes/Start Screen.unity
  artifactKey: Guid(2cda990e2423bbf4892e6590ba056729) Importer(815301076,1909f56bfc062723c751e8b465ee728b)
Start importing Assets/Scenes/Start Screen.unity using Guid(2cda990e2423bbf4892e6590ba056729) Importer(815301076,1909f56bfc062723c751e8b465ee728b)  -> (artifact id: '3c525a39b18e702209169b0c2130766a') in 0.017295 seconds
  Import took 0.020446 seconds .

========================================================================
Received Import Request.
  Time since last request: 184.159603 seconds.
  path: Assets/Scenes/Start Screen.unity
  artifactKey: Guid(2cda990e2423bbf4892e6590ba056729) Importer(815301076,1909f56bfc062723c751e8b465ee728b)
Start importing Assets/Scenes/Start Screen.unity using Guid(2cda990e2423bbf4892e6590ba056729) Importer(815301076,1909f56bfc062723c751e8b465ee728b)  -> (artifact id: 'f1176215ac2a095fd21840ae9cc53d1d') in 0.003626 seconds
  Import took 0.006716 seconds .

========================================================================
Received Import Request.
  Time since last request: 0.418379 seconds.
  path: Assets/Scenes/Start Screen 1.unity
  artifactKey: Guid(e7a9b90bf0a29ef429b6b11db293643c) Importer(815301076,1909f56bfc062723c751e8b465ee728b)
Start importing Assets/Scenes/Start Screen 1.unity using Guid(e7a9b90bf0a29ef429b6b11db293643c) Importer(815301076,1909f56bfc062723c751e8b465ee728b)  -> (artifact id: 'e294936c86ffc9e4a619c76d43f06f51') in 0.005962 seconds
  Import took 0.008622 seconds .

========================================================================
Received Import Request.
  Time since last request: 8.136917 seconds.
  path: Assets/Scenes/Level 1.unity
  artifactKey: Guid(2cda990e2423bbf4892e6590ba056729) Importer(815301076,1909f56bfc062723c751e8b465ee728b)
Start importing Assets/Scenes/Level 1.unity using Guid(2cda990e2423bbf4892e6590ba056729) Importer(815301076,1909f56bfc062723c751e8b465ee728b)  -> (artifact id: 'ee75581c16155228b779043beaadf75b') in 0.007162 seconds
  Import took 0.009914 seconds .

========================================================================
Received Import Request.
  Time since last request: 48.598015 seconds.
  path: Assets/Spritesheets/star.png
  artifactKey: Guid(b58eb61d745a7044585d6f13fb5ab6ac) Importer(815301076,1909f56bfc062723c751e8b465ee728b)
Start importing Assets/Spritesheets/star.png using Guid(b58eb61d745a7044585d6f13fb5ab6ac) Importer(815301076,1909f56bfc062723c751e8b465ee728b)  -> (artifact id: '5e62dec0eecf9a9d713d1b984a677b87') in 0.051137 seconds
  Import took 0.054163 seconds .

========================================================================
Received Import Request.
  Time since last request: 0.000180 seconds.
  path: Assets/Spritesheets/Weird Yellow Thing Walk.png
  artifactKey: Guid(43fe87d45d7f96d429bf942b08b7182c) Importer(815301076,1909f56bfc062723c751e8b465ee728b)
Start importing Assets/Spritesheets/Weird Yellow Thing Walk.png using Guid(43fe87d45d7f96d429bf942b08b7182c) Importer(815301076,1909f56bfc062723c751e8b465ee728b)  -> (artifact id: '3036ae38df9aacfc7add7e72e8144078') in 0.019825 seconds
  Import took 0.022495 seconds .

========================================================================
Received Import Request.
  Time since last request: 0.000157 seconds.
  path: Assets/Spritesheets/trophy cut.png
  artifactKey: Guid(e7e658ac39f65fb419c2b8dddf35b3e4) Importer(815301076,1909f56bfc062723c751e8b465ee728b)
Start importing Assets/Spritesheets/trophy cut.png using Guid(e7e658ac39f65fb419c2b8dddf35b3e4) Importer(815301076,1909f56bfc062723c751e8b465ee728b)  -> (artifact id: '023af080f9808a62d30f2819830023f2') in 0.016643 seconds
  Import took 0.019166 seconds .

========================================================================
Received Import Request.
  Time since last request: 0.000189 seconds.
  path: Assets/Spritesheets/star.png
  artifactKey: Guid(b58eb61d745a7044585d6f13fb5ab6ac) Importer(815301076,1909f56bfc062723c751e8b465ee728b)
Start importing Assets/Spritesheets/star.png using Guid(b58eb61d745a7044585d6f13fb5ab6ac) Importer(815301076,1909f56bfc062723c751e8b465ee728b)  -> (artifact id: '5e62dec0eecf9a9d713d1b984a677b87') in 0.013108 seconds
  Import took 0.015870 seconds .

========================================================================
Received Import Request.
  Time since last request: 0.000181 seconds.
  path: Assets/Spritesheets/Zucchini.png
  artifactKey: Guid(4796e27fe3f35dc42981c490c8329973) Importer(815301076,1909f56bfc062723c751e8b465ee728b)
Start importing Assets/Spritesheets/Zucchini.png using Guid(4796e27fe3f35dc42981c490c8329973) Importer(815301076,1909f56bfc062723c751e8b465ee728b)  -> (artifact id: '165f7abdeadd5ac637aa05679732c7f6') in 0.017338 seconds
  Import took 0.020127 seconds .

========================================================================
Received Import Request.
  Time since last request: 0.000157 seconds.
  path: Assets/Spritesheets/trophy whole.png
  artifactKey: Guid(0101f3246acde404f8490676b149358e) Importer(815301076,1909f56bfc062723c751e8b465ee728b)
Start importing Assets/Spritesheets/trophy whole.png using Guid(0101f3246acde404f8490676b149358e) Importer(815301076,1909f56bfc062723c751e8b465ee728b)  -> (artifact id: '41db4938b841c47c840ea0a3a7498dbf') in 0.013168 seconds
  Import took 0.015504 seconds .

========================================================================
Received Import Request.
  Time since last request: 1.870376 seconds.
  path: Assets/Spritesheets/Lizard Walk.png
  artifactKey: Guid(a7802f80558431343ae402797429d9cf) Importer(815301076,1909f56bfc062723c751e8b465ee728b)
Start importing Assets/Spritesheets/Lizard Walk.png using Guid(a7802f80558431343ae402797429d9cf) Importer(815301076,1909f56bfc062723c751e8b465ee728b)  -> (artifact id: 'aac5e59885522abd54f55c85878e639b') in 0.031899 seconds
  Import took 0.035000 seconds .

========================================================================
Received Import Request.
  Time since last request: 0.000203 seconds.
  path: Assets/Spritesheets/Scarecrow Standing.png
  artifactKey: Guid(c703627f0a7e07b46b1f1526de84d465) Importer(815301076,1909f56bfc062723c751e8b465ee728b)
Start importing Assets/Spritesheets/Scarecrow Standing.png using Guid(c703627f0a7e07b46b1f1526de84d465) Importer(815301076,1909f56bfc062723c751e8b465ee728b)  -> (artifact id: '22f8d0d3ae6cd1d1c1f1d58adc64ecf8') in 0.026504 seconds
  Import took 0.029646 seconds .

========================================================================
Received Import Request.
  Time since last request: 0.004984 seconds.
  path: Assets/Spritesheets/Scarecrow Standing.png
  artifactKey: Guid(c703627f0a7e07b46b1f1526de84d465) Importer(815301076,1909f56bfc062723c751e8b465ee728b)
Start importing Assets/Spritesheets/Scarecrow Standing.png using Guid(c703627f0a7e07b46b1f1526de84d465) Importer(815301076,1909f56bfc062723c751e8b465ee728b)  -> (artifact id: '22f8d0d3ae6cd1d1c1f1d58adc64ecf8') in 0.019815 seconds
  Import took 0.022950 seconds .

========================================================================
Received Import Request.
  Time since last request: 0.466336 seconds.
  path: Assets/Spritesheets/Lizard Attacking.png
  artifactKey: Guid(da6ebcad07146734683df25c4d6a49a5) Importer(815301076,1909f56bfc062723c751e8b465ee728b)
Start importing Assets/Spritesheets/Lizard Attacking.png using Guid(da6ebcad07146734683df25c4d6a49a5) Importer(815301076,1909f56bfc062723c751e8b465ee728b)  -> (artifact id: '7896bf9a71989a6ee7642e75798b4d28') in 0.029588 seconds
  Import took 0.032509 seconds .

========================================================================
Received Import Request.
  Time since last request: 0.000173 seconds.
  path: Assets/Spritesheets/Jabba Walking.png
  artifactKey: Guid(fcd5a897ea8b1c34db010eb4229fe759) Importer(815301076,1909f56bfc062723c751e8b465ee728b)
Start importing Assets/Spritesheets/Jabba Walking.png using Guid(fcd5a897ea8b1c34db010eb4229fe759) Importer(815301076,1909f56bfc062723c751e8b465ee728b)  -> (artifact id: 'cbf9092e8bff9171bd810399d94e3b79') in 0.033084 seconds
  Import took 0.036066 seconds .

========================================================================
Received Import Request.
  Time since last request: 0.000156 seconds.
  path: Assets/Spritesheets/Lizard Jump.png
  artifactKey: Guid(ef83d620b3bfb8d4cb17f37038581e96) Importer(815301076,1909f56bfc062723c751e8b465ee728b)
Start importing Assets/Spritesheets/Lizard Jump.png using Guid(ef83d620b3bfb8d4cb17f37038581e96) Importer(815301076,1909f56bfc062723c751e8b465ee728b)  -> (artifact id: 'e4b91d4dc0f41b2da1c1649015576dcf') in 0.032703 seconds
  Import took 0.035058 seconds .

========================================================================
Received Import Request.
  Time since last request: 0.000158 seconds.
  path: Assets/Spritesheets/Gravestone.png
  artifactKey: Guid(f5e216b074cfe8748b698b138fc553be) Importer(815301076,1909f56bfc062723c751e8b465ee728b)
Start importing Assets/Spritesheets/Gravestone.png using Guid(f5e216b074cfe8748b698b138fc553be) Importer(815301076,1909f56bfc062723c751e8b465ee728b)  -> (artifact id: 'ff07f540c61a6be1df10cd299b3e83af') in 0.015944 seconds
  Import took 0.018543 seconds .

========================================================================
Received Import Request.
  Time since last request: 0.262576 seconds.
  path: Assets/Spritesheets/Gnome Hop.png
  artifactKey: Guid(13297d0651527a740b9293a63c1f1092) Importer(815301076,1909f56bfc062723c751e8b465ee728b)
Start importing Assets/Spritesheets/Gnome Hop.png using Guid(13297d0651527a740b9293a63c1f1092) Importer(815301076,1909f56bfc062723c751e8b465ee728b)  -> (artifact id: 'd4a5a54e08e90894a74ebb31f8f3bb06') in 0.018155 seconds
  Import took 0.020906 seconds .

========================================================================
Received Import Request.
  Time since last request: 0.000171 seconds.
  path: Assets/Spritesheets/Gnome Idle.png
  artifactKey: Guid(c0f9bf4caa47fbf4e989d38ece18327c) Importer(815301076,1909f56bfc062723c751e8b465ee728b)
Start importing Assets/Spritesheets/Gnome Idle.png using Guid(c0f9bf4caa47fbf4e989d38ece18327c) Importer(815301076,1909f56bfc062723c751e8b465ee728b)  -> (artifact id: '4efbe6b56cb681b84f1623b89edaad7e') in 0.016137 seconds
  Import took 0.018656 seconds .

========================================================================
Received Import Request.
  Time since last request: 3.704476 seconds.
  path: Assets/Spritesheets/Fox Running.png
  artifactKey: Guid(a443b030ede09e74e8319dce76be9091) Importer(815301076,1909f56bfc062723c751e8b465ee728b)
Start importing Assets/Spritesheets/Fox Running.png using Guid(a443b030ede09e74e8319dce76be9091) Importer(815301076,1909f56bfc062723c751e8b465ee728b)  -> (artifact id: 'f328e08a7a94d6da9f9ff2cd39384149') in 0.025069 seconds
  Import took 0.027750 seconds .

========================================================================
Received Import Request.
  Time since last request: 0.000162 seconds.
  path: Assets/Spritesheets/Fox Walking.png
  artifactKey: Guid(fcc4a9a2088bfee4f9f28c2d33af1a71) Importer(815301076,1909f56bfc062723c751e8b465ee728b)
Start importing Assets/Spritesheets/Fox Walking.png using Guid(fcc4a9a2088bfee4f9f28c2d33af1a71) Importer(815301076,1909f56bfc062723c751e8b465ee728b)  -> (artifact id: 'b49f4af8e4a92fdd96c3c6114b42e531') in 0.034241 seconds
  Import took 0.036818 seconds .

========================================================================
Received Import Request.
  Time since last request: 0.230343 seconds.
  path: Assets/Spritesheets/Fox Eating.png
  artifactKey: Guid(b3de3d4792f689b45b112c79a3765e91) Importer(815301076,1909f56bfc062723c751e8b465ee728b)
Start importing Assets/Spritesheets/Fox Eating.png using Guid(b3de3d4792f689b45b112c79a3765e91) Importer(815301076,1909f56bfc062723c751e8b465ee728b)  -> (artifact id: '889270aafa067d704803f00e34c169bd') in 0.023262 seconds
  Import took 0.026067 seconds .

========================================================================
Received Import Request.
  Time since last request: 0.000145 seconds.
  path: Assets/Spritesheets/Fox Jump.png
  artifactKey: Guid(e2f0981896dce364cba0cb5b6148c04d) Importer(815301076,1909f56bfc062723c751e8b465ee728b)
Start importing Assets/Spritesheets/Fox Jump.png using Guid(e2f0981896dce364cba0cb5b6148c04d) Importer(815301076,1909f56bfc062723c751e8b465ee728b)  -> (artifact id: '357be05c79d9918543758610651312c9') in 0.020472 seconds
  Import took 0.022799 seconds .

========================================================================
Received Import Request.
  Time since last request: 0.000186 seconds.
  path: Assets/Spritesheets/Cactus Looping.png
  artifactKey: Guid(2a2060ace94ec0047b6f31672405a177) Importer(815301076,1909f56bfc062723c751e8b465ee728b)
Start importing Assets/Spritesheets/Cactus Looping.png using Guid(2a2060ace94ec0047b6f31672405a177) Importer(815301076,1909f56bfc062723c751e8b465ee728b)  -> (artifact id: 'fb0ee530009475f9324bc09a6fc95b8e') in 0.036415 seconds
  Import took 0.039177 seconds .

========================================================================
Received Import Request.
  Time since last request: 989.229384 seconds.
  path: Assets/Images/bg_glitchGarden-1920x1080.jpg
  artifactKey: Guid(1fd17e930df325c4e983b5b4e2d8c3e7) Importer(815301076,1909f56bfc062723c751e8b465ee728b)
Start importing Assets/Images/bg_glitchGarden-1920x1080.jpg using Guid(1fd17e930df325c4e983b5b4e2d8c3e7) Importer(815301076,1909f56bfc062723c751e8b465ee728b)  -> (artifact id: '3345e60dd33e5026b5fd3ddb383220e7') in 0.025379 seconds
  Import took 0.028575 seconds .

========================================================================
Received Import Request.
  Time since last request: 0.000161 seconds.
  path: Assets/Images/obj_glitchGarden_treeR.png
  artifactKey: Guid(73b85b2ef052eeb48b9f9b9fb23be013) Importer(815301076,1909f56bfc062723c751e8b465ee728b)
Start importing Assets/Images/obj_glitchGarden_treeR.png using Guid(73b85b2ef052eeb48b9f9b9fb23be013) Importer(815301076,1909f56bfc062723c751e8b465ee728b)  -> (artifact id: '44c4e0a66bcf25a1053dfc9b034e748a') in 0.018075 seconds
  Import took 0.020631 seconds .

========================================================================
Received Import Request.
  Time since last request: 0.000187 seconds.
  path: Assets/Images/obj_glitchGarden_treeL.png
  artifactKey: Guid(e8248d0202a9aaf4c9abb7f495188ca4) Importer(815301076,1909f56bfc062723c751e8b465ee728b)
Start importing Assets/Images/obj_glitchGarden_treeL.png using Guid(e8248d0202a9aaf4c9abb7f495188ca4) Importer(815301076,1909f56bfc062723c751e8b465ee728b)  -> (artifact id: '0f070a5094bf432e44d9e83e78007688') in 0.014441 seconds
  Import took 0.016971 seconds .

========================================================================
Received Import Request.
  Time since last request: 1547.012371 seconds.
  path: Assets/Spritesheets/Lizard Walk.png
  artifactKey: Guid(a7802f80558431343ae402797429d9cf) Importer(815301076,1909f56bfc062723c751e8b465ee728b)
Start importing Assets/Spritesheets/Lizard Walk.png using Guid(a7802f80558431343ae402797429d9cf) Importer(815301076,1909f56bfc062723c751e8b465ee728b)  -> (artifact id: 'f377a22d43604e55cfcd089cf176cfc6') in 0.020647 seconds
  Import took 0.023718 seconds .

========================================================================
Received Import Request.
  Time since last request: 59.567713 seconds.
  path: Assets/Spritesheets/Lizard Walk.png
  artifactKey: Guid(a7802f80558431343ae402797429d9cf) Importer(815301076,1909f56bfc062723c751e8b465ee728b)
Start importing Assets/Spritesheets/Lizard Walk.png using Guid(a7802f80558431343ae402797429d9cf) Importer(815301076,1909f56bfc062723c751e8b465ee728b)  -> (artifact id: '13e0dd9b2d4d8eb9e49e241f591a6217') in 0.087390 seconds
  Import took 0.090536 seconds .

AssetImportWorkerClient::OnTransportError - code=2 error=End of file
